<?xml version="1.0" encoding="UTF-8"?>
<robot generator="Robot 5.0.1 (Python 3.10.6 on win32)" generated="20220820 17:31:50.190" rpa="false" schemaversion="3">
<suite id="s1" name="Tests" source="C:\Users\srgre\Documents\test_abinbev\frontend\tests">
<suite id="s1-s1" name="001 DepositsBDD.test" source="C:\Users\srgre\Documents\test_abinbev\frontend\tests\001_DepositsBDD.test.robot">
<test id="s1-s1-t1" name="Cenário 1 - Criar um novo depósito" line="9">
<kw name="Start Test" library="hooks.page.commons" type="SETUP">
<kw name="Open Browser" library="SeleniumLibrary">
<arg>${URL_HOST}</arg>
<arg>${BROWSER}</arg>
<doc>Opens a new browser instance to the optional ``url``.</doc>
<msg timestamp="20220820 17:31:50.651" level="INFO">Opening browser 'chrome' to base url 'https://test-bees.herokuapp.com/'.</msg>
<status status="PASS" starttime="20220820 17:31:50.651" endtime="20220820 17:31:58.273"/>
</kw>
<kw name="Maximize Browser Window" library="SeleniumLibrary">
<doc>Maximizes current browser window.</doc>
<status status="PASS" starttime="20220820 17:31:58.273" endtime="20220820 17:31:58.679"/>
</kw>
<kw name="Set Selenium Implicit Wait" library="SeleniumLibrary">
<arg>${TIME_TO_WAIT}</arg>
<doc>Sets the implicit wait value used by Selenium.</doc>
<status status="PASS" starttime="20220820 17:31:58.680" endtime="20220820 17:31:58.703"/>
</kw>
<kw name="Fazer login com sucesso" library="hooks.page.commons">
<kw name="Dado que o usuario esteja na home page da Bees" library="login.pages">
<kw name="Verificar pagina atraves da logomarca" library="login.pages">
<kw name="Page Should Contain Element" library="SeleniumLibrary">
<arg>${LOGO_BEES}</arg>
<doc>Verifies that element ``locator`` is found on the current page.</doc>
<msg timestamp="20220820 17:31:58.874" level="INFO">Current page contains element 'xpath:/html/body/nav/div/a/img'.</msg>
<status status="PASS" starttime="20220820 17:31:58.721" endtime="20220820 17:31:58.874"/>
</kw>
<status status="PASS" starttime="20220820 17:31:58.714" endtime="20220820 17:31:58.874"/>
</kw>
<status status="PASS" starttime="20220820 17:31:58.707" endtime="20220820 17:31:58.874"/>
</kw>
<kw name="Quando inserir um usário e senha válido" library="login.pages">
<kw name="Inserir e-mail e senha" library="login.pages">
<kw name="Wait Until Element Is Visible" library="SeleniumLibrary">
<arg>${CAMPO_EMAIL}</arg>
<doc>Waits until the element ``locator`` is visible.</doc>
<status status="PASS" starttime="20220820 17:31:58.877" endtime="20220820 17:31:59.865"/>
</kw>
<kw name="Wait Until Element Is Visible" library="SeleniumLibrary">
<arg>${CAMPO_SENHA}</arg>
<doc>Waits until the element ``locator`` is visible.</doc>
<status status="PASS" starttime="20220820 17:31:59.865" endtime="20220820 17:31:59.928"/>
</kw>
<kw name="Input Text" library="SeleniumLibrary">
<arg>${CAMPO_EMAIL}</arg>
<arg>${EMAIL_FAKE}</arg>
<doc>Types the given ``text`` into the text field identified by ``locator``.</doc>
<msg timestamp="20220820 17:31:59.928" level="INFO">Typing text 'renatogregorio@protonmail.com' into text field 'id:user_email'.</msg>
<status status="PASS" starttime="20220820 17:31:59.928" endtime="20220820 17:32:00.628"/>
</kw>
<kw name="Input Text" library="SeleniumLibrary">
<arg>${CAMPO_SENHA}</arg>
<arg>${SENHA_FAKE}</arg>
<doc>Types the given ``text`` into the text field identified by ``locator``.</doc>
<msg timestamp="20220820 17:32:00.629" level="INFO">Typing text 'Renato2409@' into text field 'id:user_password'.</msg>
<status status="PASS" starttime="20220820 17:32:00.628" endtime="20220820 17:32:00.931"/>
</kw>
<status status="PASS" starttime="20220820 17:31:58.876" endtime="20220820 17:32:00.931"/>
</kw>
<status status="PASS" starttime="20220820 17:31:58.875" endtime="20220820 17:32:00.932"/>
</kw>
<kw name="E clicar no botão submit" library="login.pages">
<kw name="Clicar no botão submit para efetuar o login" library="login.pages">
<kw name="Wait Until Element Is Visible" library="SeleniumLibrary">
<arg>${BUTTON_SUBMIT}</arg>
<doc>Waits until the element ``locator`` is visible.</doc>
<status status="PASS" starttime="20220820 17:32:00.934" endtime="20220820 17:32:00.969"/>
</kw>
<kw name="Click Element" library="SeleniumLibrary">
<arg>${BUTTON_SUBMIT}</arg>
<doc>Click the element identified by ``locator``.</doc>
<msg timestamp="20220820 17:32:00.970" level="INFO">Clicking element 'xpath://input[contains(@type,'submit')]'.</msg>
<status status="PASS" starttime="20220820 17:32:00.969" endtime="20220820 17:32:03.130"/>
</kw>
<status status="PASS" starttime="20220820 17:32:00.933" endtime="20220820 17:32:03.132"/>
</kw>
<status status="PASS" starttime="20220820 17:32:00.932" endtime="20220820 17:32:03.133"/>
</kw>
<kw name="Então deverá ser exibido a mensagem Signed in successfully." library="login.pages">
<kw name="Verificar a exibição da mensagem de sucesso no login" library="login.pages">
<kw name="Page Should Contain Element" library="SeleniumLibrary">
<arg>${VALIDA_LOGIN}</arg>
<doc>Verifies that element ``locator`` is found on the current page.</doc>
<msg timestamp="20220820 17:32:03.169" level="INFO">Current page contains element 'xpath://p[contains(.,'Signed in successfully.')]'.</msg>
<status status="PASS" starttime="20220820 17:32:03.138" endtime="20220820 17:32:03.170"/>
</kw>
<kw name="Capture Page Screenshot" library="SeleniumLibrary">
<doc>Takes a screenshot of the current page and embeds it into a log file.</doc>
<msg timestamp="20220820 17:32:03.480" level="INFO" html="true">&lt;/td&gt;&lt;/tr&gt;&lt;tr&gt;&lt;td colspan="3"&gt;&lt;a href="selenium-screenshot-1.png"&gt;&lt;img src="selenium-screenshot-1.png" width="800px"&gt;&lt;/a&gt;</msg>
<status status="PASS" starttime="20220820 17:32:03.170" endtime="20220820 17:32:03.480"/>
</kw>
<status status="PASS" starttime="20220820 17:32:03.137" endtime="20220820 17:32:03.481"/>
</kw>
<status status="PASS" starttime="20220820 17:32:03.135" endtime="20220820 17:32:03.482"/>
</kw>
<status status="PASS" starttime="20220820 17:31:58.704" endtime="20220820 17:32:03.483"/>
</kw>
<status status="PASS" starttime="20220820 17:31:50.650" endtime="20220820 17:32:03.485"/>
</kw>
<kw name="Dado que esteja na página de depositos" library="deposits.pages">
<kw name="Clicar em Deposits" library="deposits.pages">
<kw name="Wait Until Element Is Visible" library="SeleniumLibrary">
<arg>${DEPOSITS}</arg>
<doc>Waits until the element ``locator`` is visible.</doc>
<status status="PASS" starttime="20220820 17:32:03.494" endtime="20220820 17:32:03.559"/>
</kw>
<kw name="Click Element" library="SeleniumLibrary">
<arg>${DEPOSITS}</arg>
<doc>Click the element identified by ``locator``.</doc>
<msg timestamp="20220820 17:32:03.560" level="INFO">Clicking element 'xpath=//div[@id="navbarSupportedContent"]//a[contains(text(),"Deposits")]'.</msg>
<status status="PASS" starttime="20220820 17:32:03.559" endtime="20220820 17:32:03.659"/>
</kw>
<status status="PASS" starttime="20220820 17:32:03.493" endtime="20220820 17:32:03.660"/>
</kw>
<status status="PASS" starttime="20220820 17:32:03.492" endtime="20220820 17:32:03.661"/>
</kw>
<kw name="Quando clicar no botão para criar um novo depósito" library="deposits.pages">
<kw name="Clicar no botao novo depósito" library="deposits.pages">
<kw name="Sleep" library="BuiltIn">
<arg>2</arg>
<doc>Pauses the test executed for the given time.</doc>
<msg timestamp="20220820 17:32:05.673" level="INFO">Slept 2 seconds</msg>
<status status="PASS" starttime="20220820 17:32:03.665" endtime="20220820 17:32:05.673"/>
</kw>
<kw name="Wait Until Element Is Enabled" library="SeleniumLibrary">
<arg>${NEW_DEPOSIT}</arg>
<doc>Waits until the element ``locator`` is enabled.</doc>
<status status="PASS" starttime="20220820 17:32:05.673" endtime="20220820 17:32:05.747"/>
</kw>
<kw name="Element Should Be Visible" library="SeleniumLibrary">
<arg>${NEW_DEPOSIT}</arg>
<doc>Verifies that the element identified by ``locator`` is visible.</doc>
<msg timestamp="20220820 17:32:05.780" level="INFO">Element 'xpath=//div[@class="container"]//a[contains(text(),"New deposit")]' is displayed.</msg>
<status status="PASS" starttime="20220820 17:32:05.747" endtime="20220820 17:32:05.780"/>
</kw>
<kw name="Press Keys" library="SeleniumLibrary">
<arg>${BODY}</arg>
<arg>${BTN_END}</arg>
<doc>Simulates the user pressing key(s) to an element or on the active browser.</doc>
<msg timestamp="20220820 17:32:05.780" level="INFO">Sending key(s) ('\ue010',) to xpath://body element.</msg>
<msg timestamp="20220820 17:32:06.101" level="INFO">Sending key </msg>
<status status="PASS" starttime="20220820 17:32:05.780" endtime="20220820 17:32:06.113"/>
</kw>
<kw name="Press Keys" library="SeleniumLibrary">
<arg>${BODY}</arg>
<arg>${BTN_END}</arg>
<doc>Simulates the user pressing key(s) to an element or on the active browser.</doc>
<msg timestamp="20220820 17:32:06.115" level="INFO">Sending key(s) ('\ue010',) to xpath://body element.</msg>
<msg timestamp="20220820 17:32:06.487" level="INFO">Sending key </msg>
<status status="PASS" starttime="20220820 17:32:06.113" endtime="20220820 17:32:06.495"/>
</kw>
<kw name="Press Keys" library="SeleniumLibrary">
<arg>${NEW_DEPOSIT}</arg>
<arg>Mouse Down</arg>
<doc>Simulates the user pressing key(s) to an element or on the active browser.</doc>
<msg timestamp="20220820 17:32:06.497" level="INFO">Sending key(s) ('Mouse Down',) to xpath=//div[@class="container"]//a[contains(text(),"New deposit")] element.</msg>
<msg timestamp="20220820 17:32:06.840" level="INFO">Sending keys Mouse Down</msg>
<status status="PASS" starttime="20220820 17:32:06.496" endtime="20220820 17:32:06.880"/>
</kw>
<kw name="Wait Until Element Is Visible" library="SeleniumLibrary">
<arg>${VALIDA_NEW_DEPOSIT}</arg>
<doc>Waits until the element ``locator`` is visible.</doc>
<status status="PASS" starttime="20220820 17:32:06.881" endtime="20220820 17:32:07.373"/>
</kw>
<kw name="Page Should Contain Element" library="SeleniumLibrary">
<arg>${VALIDA_NEW_DEPOSIT}</arg>
<doc>Verifies that element ``locator`` is found on the current page.</doc>
<msg timestamp="20220820 17:32:07.393" level="INFO">Current page contains element 'xpath=//h1[contains(.,'New deposit')]'.</msg>
<status status="PASS" starttime="20220820 17:32:07.374" endtime="20220820 17:32:07.393"/>
</kw>
<status status="PASS" starttime="20220820 17:32:03.663" endtime="20220820 17:32:07.393"/>
</kw>
<status status="PASS" starttime="20220820 17:32:03.662" endtime="20220820 17:32:07.394"/>
</kw>
<kw name="E preencher o formulário" library="deposits.pages">
<kw name="Inserir os dados do formulário" library="deposits.pages">
<kw name="Input Text" library="SeleniumLibrary">
<arg>${CAMPO_NAME_DEPOSIT}</arg>
<arg>${NAME_DEPOSIT}</arg>
<doc>Types the given ``text`` into the text field identified by ``locator``.</doc>
<msg timestamp="20220820 17:32:07.400" level="INFO">Typing text 'Bar Vitoria' into text field 'xpath://input[contains(@name,'deposit[name]')]'.</msg>
<status status="PASS" starttime="20220820 17:32:07.397" endtime="20220820 17:32:07.672"/>
</kw>
<kw name="Input Text" library="SeleniumLibrary">
<arg>${CAMPO_ADRESS_DEPOSIT}</arg>
<arg>${ADRESS_DEPOSIT}</arg>
<doc>Types the given ``text`` into the text field identified by ``locator``.</doc>
<msg timestamp="20220820 17:32:07.673" level="INFO">Typing text 'Rua Franco Velasco' into text field 'xpath://input[contains(@name,'deposit[address]')]'.</msg>
<status status="PASS" starttime="20220820 17:32:07.672" endtime="20220820 17:32:07.920"/>
</kw>
<kw name="Input Text" library="SeleniumLibrary">
<arg>${CAMPO_CITY_DEPOSIT}</arg>
<arg>${CITY_DEPOSIT}</arg>
<doc>Types the given ``text`` into the text field identified by ``locator``.</doc>
<msg timestamp="20220820 17:32:07.928" level="INFO">Typing text 'Salvador' into text field 'xpath://input[contains(@name,'deposit[city]')]'.</msg>
<status status="PASS" starttime="20220820 17:32:07.922" endtime="20220820 17:32:08.244"/>
</kw>
<kw name="Input Text" library="SeleniumLibrary">
<arg>${CAMPO_STATE_DEPOSIT}</arg>
<arg>${STATE_DEPOSIT}</arg>
<doc>Types the given ``text`` into the text field identified by ``locator``.</doc>
<msg timestamp="20220820 17:32:08.246" level="INFO">Typing text 'Bahia' into text field 'xpath://input[contains(@name,'deposit[state]')]'.</msg>
<status status="PASS" starttime="20220820 17:32:08.245" endtime="20220820 17:32:08.640"/>
</kw>
<kw name="Input Text" library="SeleniumLibrary">
<arg>${CAMPO_ZIPCODE_DEPOSIT}</arg>
<arg>${ZIPCODE_DEPOSIT}</arg>
<doc>Types the given ``text`` into the text field identified by ``locator``.</doc>
<msg timestamp="20220820 17:32:08.641" level="INFO">Typing text '40000000' into text field 'xpath://input[contains(@name,'deposit[zipcode]')]'.</msg>
<status status="PASS" starttime="20220820 17:32:08.640" endtime="20220820 17:32:08.823"/>
</kw>
<status status="PASS" starttime="20220820 17:32:07.396" endtime="20220820 17:32:08.823"/>
</kw>
<status status="PASS" starttime="20220820 17:32:07.395" endtime="20220820 17:32:08.823"/>
</kw>
<kw name="E clicar no botão para criar o depósito" library="deposits.pages">
<kw name="Clicar no botão criar depósito" library="deposits.pages">
<kw name="Click Element" library="SeleniumLibrary">
<arg>${BUTTON_NEW_DEPOSIT}</arg>
<doc>Click the element identified by ``locator``.</doc>
<msg timestamp="20220820 17:32:08.827" level="INFO">Clicking element 'xpath://input[contains(@type,'submit')]'.</msg>
<status status="PASS" starttime="20220820 17:32:08.826" endtime="20220820 17:32:09.009"/>
</kw>
<status status="PASS" starttime="20220820 17:32:08.825" endtime="20220820 17:32:09.009"/>
</kw>
<status status="PASS" starttime="20220820 17:32:08.824" endtime="20220820 17:32:09.009"/>
</kw>
<kw name="Então será validado o novo depósito e retornará a pagina deposit" library="deposits.pages">
<kw name="Validar a criação do novo depósito e voltar a página de depositos" library="deposits.pages">
<kw name="Wait Until Element Is Visible" library="SeleniumLibrary">
<arg>${VALIDA_CRIACAO_DEPOSITO}</arg>
<doc>Waits until the element ``locator`` is visible.</doc>
<status status="PASS" starttime="20220820 17:32:09.012" endtime="20220820 17:32:09.299"/>
</kw>
<kw name="Page Should Contain Element" library="SeleniumLibrary">
<arg>${VALIDA_CRIACAO_DEPOSITO}</arg>
<doc>Verifies that element ``locator`` is found on the current page.</doc>
<msg timestamp="20220820 17:32:09.308" level="INFO">Current page contains element 'xpath://p[contains(.,'Deposit was successfully created.')]'.</msg>
<status status="PASS" starttime="20220820 17:32:09.299" endtime="20220820 17:32:09.308"/>
</kw>
<kw name="Click Element" library="SeleniumLibrary">
<arg>${VOLTAR_PARA_DEPOSITO}</arg>
<doc>Click the element identified by ``locator``.</doc>
<msg timestamp="20220820 17:32:09.308" level="INFO">Clicking element '//a[contains(.,'Back to deposits')]'.</msg>
<status status="PASS" starttime="20220820 17:32:09.308" endtime="20220820 17:32:09.373"/>
</kw>
<status status="PASS" starttime="20220820 17:32:09.012" endtime="20220820 17:32:09.374"/>
</kw>
<status status="PASS" starttime="20220820 17:32:09.011" endtime="20220820 17:32:09.374"/>
</kw>
<kw name="Finish Test" library="hooks.page.commons" type="TEARDOWN">
<kw name="Capture Page Screenshot" library="SeleniumLibrary">
<doc>Takes a screenshot of the current page and embeds it into a log file.</doc>
<msg timestamp="20220820 17:32:09.607" level="INFO" html="true">&lt;/td&gt;&lt;/tr&gt;&lt;tr&gt;&lt;td colspan="3"&gt;&lt;a href="selenium-screenshot-2.png"&gt;&lt;img src="selenium-screenshot-2.png" width="800px"&gt;&lt;/a&gt;</msg>
<status status="PASS" starttime="20220820 17:32:09.378" endtime="20220820 17:32:09.607"/>
</kw>
<kw name="Close Browser" library="SeleniumLibrary">
<doc>Closes the current browser.</doc>
<status status="PASS" starttime="20220820 17:32:09.607" endtime="20220820 17:32:13.597"/>
</kw>
<status status="PASS" starttime="20220820 17:32:09.376" endtime="20220820 17:32:13.597"/>
</kw>
<doc>Criação de um novo depósito e validação dos campos</doc>
<tag>new_deposit</tag>
<status status="PASS" starttime="20220820 17:31:50.649" endtime="20220820 17:32:13.598"/>
</test>
<test id="s1-s1-t2" name="Cenário 2 - Excluir o cadastro de um depósito" line="18">
<kw name="Start Test" library="hooks.page.commons" type="SETUP">
<kw name="Open Browser" library="SeleniumLibrary">
<arg>${URL_HOST}</arg>
<arg>${BROWSER}</arg>
<doc>Opens a new browser instance to the optional ``url``.</doc>
<msg timestamp="20220820 17:32:13.604" level="INFO">Opening browser 'chrome' to base url 'https://test-bees.herokuapp.com/'.</msg>
<status status="PASS" starttime="20220820 17:32:13.603" endtime="20220820 17:32:18.942"/>
</kw>
<kw name="Maximize Browser Window" library="SeleniumLibrary">
<doc>Maximizes current browser window.</doc>
<status status="PASS" starttime="20220820 17:32:18.943" endtime="20220820 17:32:19.286"/>
</kw>
<kw name="Set Selenium Implicit Wait" library="SeleniumLibrary">
<arg>${TIME_TO_WAIT}</arg>
<doc>Sets the implicit wait value used by Selenium.</doc>
<status status="PASS" starttime="20220820 17:32:19.287" endtime="20220820 17:32:19.291"/>
</kw>
<kw name="Fazer login com sucesso" library="hooks.page.commons">
<kw name="Dado que o usuario esteja na home page da Bees" library="login.pages">
<kw name="Verificar pagina atraves da logomarca" library="login.pages">
<kw name="Page Should Contain Element" library="SeleniumLibrary">
<arg>${LOGO_BEES}</arg>
<doc>Verifies that element ``locator`` is found on the current page.</doc>
<msg timestamp="20220820 17:32:19.414" level="INFO">Current page contains element 'xpath:/html/body/nav/div/a/img'.</msg>
<status status="PASS" starttime="20220820 17:32:19.304" endtime="20220820 17:32:19.414"/>
</kw>
<status status="PASS" starttime="20220820 17:32:19.301" endtime="20220820 17:32:19.415"/>
</kw>
<status status="PASS" starttime="20220820 17:32:19.299" endtime="20220820 17:32:19.415"/>
</kw>
<kw name="Quando inserir um usário e senha válido" library="login.pages">
<kw name="Inserir e-mail e senha" library="login.pages">
<kw name="Wait Until Element Is Visible" library="SeleniumLibrary">
<arg>${CAMPO_EMAIL}</arg>
<doc>Waits until the element ``locator`` is visible.</doc>
<status status="PASS" starttime="20220820 17:32:19.417" endtime="20220820 17:32:19.524"/>
</kw>
<kw name="Wait Until Element Is Visible" library="SeleniumLibrary">
<arg>${CAMPO_SENHA}</arg>
<doc>Waits until the element ``locator`` is visible.</doc>
<status status="PASS" starttime="20220820 17:32:19.524" endtime="20220820 17:32:19.555"/>
</kw>
<kw name="Input Text" library="SeleniumLibrary">
<arg>${CAMPO_EMAIL}</arg>
<arg>${EMAIL_FAKE}</arg>
<doc>Types the given ``text`` into the text field identified by ``locator``.</doc>
<msg timestamp="20220820 17:32:19.555" level="INFO">Typing text 'renatogregorio@protonmail.com' into text field 'id:user_email'.</msg>
<status status="PASS" starttime="20220820 17:32:19.555" endtime="20220820 17:32:19.843"/>
</kw>
<kw name="Input Text" library="SeleniumLibrary">
<arg>${CAMPO_SENHA}</arg>
<arg>${SENHA_FAKE}</arg>
<doc>Types the given ``text`` into the text field identified by ``locator``.</doc>
<msg timestamp="20220820 17:32:19.844" level="INFO">Typing text 'Renato2409@' into text field 'id:user_password'.</msg>
<status status="PASS" starttime="20220820 17:32:19.843" endtime="20220820 17:32:19.965"/>
</kw>
<status status="PASS" starttime="20220820 17:32:19.416" endtime="20220820 17:32:19.965"/>
</kw>
<status status="PASS" starttime="20220820 17:32:19.415" endtime="20220820 17:32:19.966"/>
</kw>
<kw name="E clicar no botão submit" library="login.pages">
<kw name="Clicar no botão submit para efetuar o login" library="login.pages">
<kw name="Wait Until Element Is Visible" library="SeleniumLibrary">
<arg>${BUTTON_SUBMIT}</arg>
<doc>Waits until the element ``locator`` is visible.</doc>
<status status="PASS" starttime="20220820 17:32:19.967" endtime="20220820 17:32:20.004"/>
</kw>
<kw name="Click Element" library="SeleniumLibrary">
<arg>${BUTTON_SUBMIT}</arg>
<doc>Click the element identified by ``locator``.</doc>
<msg timestamp="20220820 17:32:20.004" level="INFO">Clicking element 'xpath://input[contains(@type,'submit')]'.</msg>
<status status="PASS" starttime="20220820 17:32:20.004" endtime="20220820 17:32:21.601"/>
</kw>
<status status="PASS" starttime="20220820 17:32:19.966" endtime="20220820 17:32:21.602"/>
</kw>
<status status="PASS" starttime="20220820 17:32:19.966" endtime="20220820 17:32:21.602"/>
</kw>
<kw name="Então deverá ser exibido a mensagem Signed in successfully." library="login.pages">
<kw name="Verificar a exibição da mensagem de sucesso no login" library="login.pages">
<kw name="Page Should Contain Element" library="SeleniumLibrary">
<arg>${VALIDA_LOGIN}</arg>
<doc>Verifies that element ``locator`` is found on the current page.</doc>
<msg timestamp="20220820 17:32:21.626" level="INFO">Current page contains element 'xpath://p[contains(.,'Signed in successfully.')]'.</msg>
<status status="PASS" starttime="20220820 17:32:21.603" endtime="20220820 17:32:21.626"/>
</kw>
<kw name="Capture Page Screenshot" library="SeleniumLibrary">
<doc>Takes a screenshot of the current page and embeds it into a log file.</doc>
<msg timestamp="20220820 17:32:21.974" level="INFO" html="true">&lt;/td&gt;&lt;/tr&gt;&lt;tr&gt;&lt;td colspan="3"&gt;&lt;a href="selenium-screenshot-3.png"&gt;&lt;img src="selenium-screenshot-3.png" width="800px"&gt;&lt;/a&gt;</msg>
<status status="PASS" starttime="20220820 17:32:21.626" endtime="20220820 17:32:21.974"/>
</kw>
<status status="PASS" starttime="20220820 17:32:21.602" endtime="20220820 17:32:21.974"/>
</kw>
<status status="PASS" starttime="20220820 17:32:21.602" endtime="20220820 17:32:21.974"/>
</kw>
<status status="PASS" starttime="20220820 17:32:19.292" endtime="20220820 17:32:21.974"/>
</kw>
<status status="PASS" starttime="20220820 17:32:13.602" endtime="20220820 17:32:21.974"/>
</kw>
<kw name="Dado que esteja na página de depositos" library="deposits.pages">
<kw name="Clicar em Deposits" library="deposits.pages">
<kw name="Wait Until Element Is Visible" library="SeleniumLibrary">
<arg>${DEPOSITS}</arg>
<doc>Waits until the element ``locator`` is visible.</doc>
<status status="PASS" starttime="20220820 17:32:21.986" endtime="20220820 17:32:22.024"/>
</kw>
<kw name="Click Element" library="SeleniumLibrary">
<arg>${DEPOSITS}</arg>
<doc>Click the element identified by ``locator``.</doc>
<msg timestamp="20220820 17:32:22.025" level="INFO">Clicking element 'xpath=//div[@id="navbarSupportedContent"]//a[contains(text(),"Deposits")]'.</msg>
<status status="PASS" starttime="20220820 17:32:22.024" endtime="20220820 17:32:22.089"/>
</kw>
<status status="PASS" starttime="20220820 17:32:21.974" endtime="20220820 17:32:22.090"/>
</kw>
<status status="PASS" starttime="20220820 17:32:21.974" endtime="20220820 17:32:22.090"/>
</kw>
<kw name="Quando clicar em visualizar o cadastro de um depósito a ser excluído" library="deposits.pages">
<kw name="Clicar em Show This Deposit a ser excluido" library="deposits.pages">
<kw name="Element Should Be Visible" library="SeleniumLibrary">
<arg>${SHOW_DEPOSIT_DESTROY}</arg>
<doc>Verifies that the element identified by ``locator`` is visible.</doc>
<msg timestamp="20220820 17:32:22.588" level="INFO">Element 'xpath=(//a[contains(.,'Show this deposit')])[10]' is displayed.</msg>
<status status="PASS" starttime="20220820 17:32:22.097" endtime="20220820 17:32:22.588"/>
</kw>
<kw name="Wait Until Element Is Enabled" library="SeleniumLibrary">
<arg>${SHOW_DEPOSIT_DESTROY}</arg>
<doc>Waits until the element ``locator`` is enabled.</doc>
<status status="PASS" starttime="20220820 17:32:22.588" endtime="20220820 17:32:22.632"/>
</kw>
<kw name="Press Keys" library="SeleniumLibrary">
<arg>${SHOW_DEPOSIT_DESTROY}</arg>
<arg>Mouse Down</arg>
<doc>Simulates the user pressing key(s) to an element or on the active browser.</doc>
<msg timestamp="20220820 17:32:22.632" level="INFO">Sending key(s) ('Mouse Down',) to xpath=(//a[contains(.,'Show this deposit')])[10] element.</msg>
<msg timestamp="20220820 17:32:23.056" level="INFO">Sending keys Mouse Down</msg>
<status status="PASS" starttime="20220820 17:32:22.632" endtime="20220820 17:32:23.092"/>
</kw>
<status status="PASS" starttime="20220820 17:32:22.096" endtime="20220820 17:32:23.092"/>
</kw>
<status status="PASS" starttime="20220820 17:32:22.091" endtime="20220820 17:32:23.093"/>
</kw>
<kw name="E clicar em destroy this deposit" library="deposits.pages">
<kw name="Click no botão destroy deposit" library="deposits.pages">
<kw name="Wait Until Element Is Visible" library="SeleniumLibrary">
<arg>${BTN_DESTROY_DEPOSIT}</arg>
<doc>Waits until the element ``locator`` is visible.</doc>
<status status="PASS" starttime="20220820 17:32:23.095" endtime="20220820 17:32:23.313"/>
</kw>
<kw name="Click Button" library="SeleniumLibrary">
<arg>${BTN_DESTROY_DEPOSIT}</arg>
<doc>Clicks the button identified by ``locator``.</doc>
<msg timestamp="20220820 17:32:23.314" level="INFO">Clicking button 'xpath=//button[@type='submit'][contains(.,'Destroy this deposit')]'.</msg>
<status status="PASS" starttime="20220820 17:32:23.313" endtime="20220820 17:32:23.395"/>
</kw>
<status status="PASS" starttime="20220820 17:32:23.094" endtime="20220820 17:32:23.396"/>
</kw>
<status status="PASS" starttime="20220820 17:32:23.093" endtime="20220820 17:32:23.396"/>
</kw>
<kw name="Então validará a mensagem de depósito excluído com sucesso" library="deposits.pages">
<kw name="Validação da mensagem de depósito excluído" library="deposits.pages">
<kw name="Wait Until Element Is Visible" library="SeleniumLibrary">
<arg>${MSG_DESTROY_DEPOSIT}</arg>
<doc>Waits until the element ``locator`` is visible.</doc>
<status status="PASS" starttime="20220820 17:32:23.401" endtime="20220820 17:32:24.210"/>
</kw>
<kw name="Page Should Contain Element" library="SeleniumLibrary">
<arg>${MSG_DESTROY_DEPOSIT}</arg>
<doc>Verifies that element ``locator`` is found on the current page.</doc>
<msg timestamp="20220820 17:32:24.226" level="INFO">Current page contains element 'xpath=//p[contains(.,'Deposit was successfully destroyed.')]'.</msg>
<status status="PASS" starttime="20220820 17:32:24.210" endtime="20220820 17:32:24.227"/>
</kw>
<status status="PASS" starttime="20220820 17:32:23.400" endtime="20220820 17:32:24.227"/>
</kw>
<status status="PASS" starttime="20220820 17:32:23.398" endtime="20220820 17:32:24.227"/>
</kw>
<kw name="Finish Test" library="hooks.page.commons" type="TEARDOWN">
<kw name="Capture Page Screenshot" library="SeleniumLibrary">
<doc>Takes a screenshot of the current page and embeds it into a log file.</doc>
<msg timestamp="20220820 17:32:24.478" level="INFO" html="true">&lt;/td&gt;&lt;/tr&gt;&lt;tr&gt;&lt;td colspan="3"&gt;&lt;a href="selenium-screenshot-4.png"&gt;&lt;img src="selenium-screenshot-4.png" width="800px"&gt;&lt;/a&gt;</msg>
<status status="PASS" starttime="20220820 17:32:24.229" endtime="20220820 17:32:24.478"/>
</kw>
<kw name="Close Browser" library="SeleniumLibrary">
<doc>Closes the current browser.</doc>
<status status="PASS" starttime="20220820 17:32:24.478" endtime="20220820 17:32:26.959"/>
</kw>
<status status="PASS" starttime="20220820 17:32:24.228" endtime="20220820 17:32:26.959"/>
</kw>
<doc>Exclusão de um cadastro de depósito e validação</doc>
<tag>exclusion_deposit</tag>
<status status="PASS" starttime="20220820 17:32:13.601" endtime="20220820 17:32:26.959"/>
</test>
<test id="s1-s1-t3" name="Cenário 3 - Atualizar o cadastro de um depósito" line="26">
<kw name="Start Test" library="hooks.page.commons" type="SETUP">
<kw name="Open Browser" library="SeleniumLibrary">
<arg>${URL_HOST}</arg>
<arg>${BROWSER}</arg>
<doc>Opens a new browser instance to the optional ``url``.</doc>
<msg timestamp="20220820 17:32:26.970" level="INFO">Opening browser 'chrome' to base url 'https://test-bees.herokuapp.com/'.</msg>
<status status="PASS" starttime="20220820 17:32:26.970" endtime="20220820 17:32:30.868"/>
</kw>
<kw name="Maximize Browser Window" library="SeleniumLibrary">
<doc>Maximizes current browser window.</doc>
<status status="PASS" starttime="20220820 17:32:30.869" endtime="20220820 17:32:31.211"/>
</kw>
<kw name="Set Selenium Implicit Wait" library="SeleniumLibrary">
<arg>${TIME_TO_WAIT}</arg>
<doc>Sets the implicit wait value used by Selenium.</doc>
<status status="PASS" starttime="20220820 17:32:31.212" endtime="20220820 17:32:31.219"/>
</kw>
<kw name="Fazer login com sucesso" library="hooks.page.commons">
<kw name="Dado que o usuario esteja na home page da Bees" library="login.pages">
<kw name="Verificar pagina atraves da logomarca" library="login.pages">
<kw name="Page Should Contain Element" library="SeleniumLibrary">
<arg>${LOGO_BEES}</arg>
<doc>Verifies that element ``locator`` is found on the current page.</doc>
<msg timestamp="20220820 17:32:31.325" level="INFO">Current page contains element 'xpath:/html/body/nav/div/a/img'.</msg>
<status status="PASS" starttime="20220820 17:32:31.233" endtime="20220820 17:32:31.326"/>
</kw>
<status status="PASS" starttime="20220820 17:32:31.232" endtime="20220820 17:32:31.330"/>
</kw>
<status status="PASS" starttime="20220820 17:32:31.224" endtime="20220820 17:32:31.333"/>
</kw>
<kw name="Quando inserir um usário e senha válido" library="login.pages">
<kw name="Inserir e-mail e senha" library="login.pages">
<kw name="Wait Until Element Is Visible" library="SeleniumLibrary">
<arg>${CAMPO_EMAIL}</arg>
<doc>Waits until the element ``locator`` is visible.</doc>
<status status="PASS" starttime="20220820 17:32:31.340" endtime="20220820 17:32:31.386"/>
</kw>
<kw name="Wait Until Element Is Visible" library="SeleniumLibrary">
<arg>${CAMPO_SENHA}</arg>
<doc>Waits until the element ``locator`` is visible.</doc>
<status status="PASS" starttime="20220820 17:32:31.387" endtime="20220820 17:32:31.416"/>
</kw>
<kw name="Input Text" library="SeleniumLibrary">
<arg>${CAMPO_EMAIL}</arg>
<arg>${EMAIL_FAKE}</arg>
<doc>Types the given ``text`` into the text field identified by ``locator``.</doc>
<msg timestamp="20220820 17:32:31.417" level="INFO">Typing text 'renatogregorio@protonmail.com' into text field 'id:user_email'.</msg>
<status status="PASS" starttime="20220820 17:32:31.416" endtime="20220820 17:32:31.542"/>
</kw>
<kw name="Input Text" library="SeleniumLibrary">
<arg>${CAMPO_SENHA}</arg>
<arg>${SENHA_FAKE}</arg>
<doc>Types the given ``text`` into the text field identified by ``locator``.</doc>
<msg timestamp="20220820 17:32:31.543" level="INFO">Typing text 'Renato2409@' into text field 'id:user_password'.</msg>
<status status="PASS" starttime="20220820 17:32:31.542" endtime="20220820 17:32:31.666"/>
</kw>
<status status="PASS" starttime="20220820 17:32:31.339" endtime="20220820 17:32:31.666"/>
</kw>
<status status="PASS" starttime="20220820 17:32:31.335" endtime="20220820 17:32:31.666"/>
</kw>
<kw name="E clicar no botão submit" library="login.pages">
<kw name="Clicar no botão submit para efetuar o login" library="login.pages">
<kw name="Wait Until Element Is Visible" library="SeleniumLibrary">
<arg>${BUTTON_SUBMIT}</arg>
<doc>Waits until the element ``locator`` is visible.</doc>
<status status="PASS" starttime="20220820 17:32:31.668" endtime="20220820 17:32:31.701"/>
</kw>
<kw name="Click Element" library="SeleniumLibrary">
<arg>${BUTTON_SUBMIT}</arg>
<doc>Click the element identified by ``locator``.</doc>
<msg timestamp="20220820 17:32:31.702" level="INFO">Clicking element 'xpath://input[contains(@type,'submit')]'.</msg>
<status status="PASS" starttime="20220820 17:32:31.702" endtime="20220820 17:32:33.378"/>
</kw>
<status status="PASS" starttime="20220820 17:32:31.667" endtime="20220820 17:32:33.378"/>
</kw>
<status status="PASS" starttime="20220820 17:32:31.667" endtime="20220820 17:32:33.378"/>
</kw>
<kw name="Então deverá ser exibido a mensagem Signed in successfully." library="login.pages">
<kw name="Verificar a exibição da mensagem de sucesso no login" library="login.pages">
<kw name="Page Should Contain Element" library="SeleniumLibrary">
<arg>${VALIDA_LOGIN}</arg>
<doc>Verifies that element ``locator`` is found on the current page.</doc>
<msg timestamp="20220820 17:32:33.394" level="INFO">Current page contains element 'xpath://p[contains(.,'Signed in successfully.')]'.</msg>
<status status="PASS" starttime="20220820 17:32:33.379" endtime="20220820 17:32:33.395"/>
</kw>
<kw name="Capture Page Screenshot" library="SeleniumLibrary">
<doc>Takes a screenshot of the current page and embeds it into a log file.</doc>
<msg timestamp="20220820 17:32:33.602" level="INFO" html="true">&lt;/td&gt;&lt;/tr&gt;&lt;tr&gt;&lt;td colspan="3"&gt;&lt;a href="selenium-screenshot-5.png"&gt;&lt;img src="selenium-screenshot-5.png" width="800px"&gt;&lt;/a&gt;</msg>
<status status="PASS" starttime="20220820 17:32:33.396" endtime="20220820 17:32:33.602"/>
</kw>
<status status="PASS" starttime="20220820 17:32:33.379" endtime="20220820 17:32:33.602"/>
</kw>
<status status="PASS" starttime="20220820 17:32:33.379" endtime="20220820 17:32:33.602"/>
</kw>
<status status="PASS" starttime="20220820 17:32:31.220" endtime="20220820 17:32:33.602"/>
</kw>
<status status="PASS" starttime="20220820 17:32:26.970" endtime="20220820 17:32:33.602"/>
</kw>
<kw name="Dado que esteja na página de depositos" library="deposits.pages">
<kw name="Clicar em Deposits" library="deposits.pages">
<kw name="Wait Until Element Is Visible" library="SeleniumLibrary">
<arg>${DEPOSITS}</arg>
<doc>Waits until the element ``locator`` is visible.</doc>
<status status="PASS" starttime="20220820 17:32:33.611" endtime="20220820 17:32:33.638"/>
</kw>
<kw name="Click Element" library="SeleniumLibrary">
<arg>${DEPOSITS}</arg>
<doc>Click the element identified by ``locator``.</doc>
<msg timestamp="20220820 17:32:33.638" level="INFO">Clicking element 'xpath=//div[@id="navbarSupportedContent"]//a[contains(text(),"Deposits")]'.</msg>
<status status="PASS" starttime="20220820 17:32:33.638" endtime="20220820 17:32:33.719"/>
</kw>
<status status="PASS" starttime="20220820 17:32:33.610" endtime="20220820 17:32:33.720"/>
</kw>
<status status="PASS" starttime="20220820 17:32:33.602" endtime="20220820 17:32:33.721"/>
</kw>
<kw name="Quando clicar em visualizar o cadastro de um depósito" library="deposits.pages">
<kw name="Clicar em Show This Deposit" library="deposits.pages">
<kw name="Element Should Be Visible" library="SeleniumLibrary">
<arg>${SHOW_DEPOSIT}</arg>
<doc>Verifies that the element identified by ``locator`` is visible.</doc>
<msg timestamp="20220820 17:32:34.540" level="INFO">Element 'xpath=(//a[contains(.,'Show this deposit')])[1]' is displayed.</msg>
<status status="PASS" starttime="20220820 17:32:33.723" endtime="20220820 17:32:34.540"/>
</kw>
<kw name="Wait Until Element Is Enabled" library="SeleniumLibrary">
<arg>${SHOW_DEPOSIT}</arg>
<doc>Waits until the element ``locator`` is enabled.</doc>
<status status="PASS" starttime="20220820 17:32:34.540" endtime="20220820 17:32:34.606"/>
</kw>
<kw name="Press Keys" library="SeleniumLibrary">
<arg>${SHOW_DEPOSIT}</arg>
<arg>Mouse Down</arg>
<doc>Simulates the user pressing key(s) to an element or on the active browser.</doc>
<msg timestamp="20220820 17:32:34.607" level="INFO">Sending key(s) ('Mouse Down',) to xpath=(//a[contains(.,'Show this deposit')])[1] element.</msg>
<msg timestamp="20220820 17:32:34.943" level="INFO">Sending keys Mouse Down</msg>
<status status="PASS" starttime="20220820 17:32:34.607" endtime="20220820 17:32:34.983"/>
</kw>
<status status="PASS" starttime="20220820 17:32:33.722" endtime="20220820 17:32:34.983"/>
</kw>
<status status="PASS" starttime="20220820 17:32:33.722" endtime="20220820 17:32:34.983"/>
</kw>
<kw name="E alterar o cadastro do depósito selecionado" library="deposits.pages">
<kw name="Editar um Cadastro de depósito" library="deposits.pages">
<kw name="Wait Until Element Is Visible" library="SeleniumLibrary">
<arg>${EDIT_DEPOSIT}</arg>
<doc>Waits until the element ``locator`` is visible.</doc>
<status status="PASS" starttime="20220820 17:32:34.985" endtime="20220820 17:32:35.179"/>
</kw>
<kw name="Click Element" library="SeleniumLibrary">
<arg>${EDIT_DEPOSIT}</arg>
<doc>Click the element identified by ``locator``.</doc>
<msg timestamp="20220820 17:32:35.181" level="INFO">Clicking element 'xpath=//a[contains(.,'Edit this deposit')]'.</msg>
<status status="PASS" starttime="20220820 17:32:35.180" endtime="20220820 17:32:35.237"/>
</kw>
<kw name="Wait Until Element Is Visible" library="SeleniumLibrary">
<arg>${BOTAO_UPDATE_DEPOSIT}</arg>
<doc>Waits until the element ``locator`` is visible.</doc>
<status status="PASS" starttime="20220820 17:32:35.237" endtime="20220820 17:32:35.476"/>
</kw>
<kw name="Press Keys" library="SeleniumLibrary">
<arg>${CAMPO_NAME_EDIT}</arg>
<arg>CTRL+A+DELETE</arg>
<doc>Simulates the user pressing key(s) to an element or on the active browser.</doc>
<msg timestamp="20220820 17:32:35.476" level="INFO">Sending key(s) ('CTRL+A+DELETE',) to xpath=//input[@name='deposit[name]'] element.</msg>
<msg timestamp="20220820 17:32:35.833" level="INFO">Pressing special key CONTROL down.</msg>
<msg timestamp="20220820 17:32:35.833" level="INFO">Sending key A</msg>
<msg timestamp="20220820 17:32:35.833" level="INFO">Pressing special key DELETE down.</msg>
<msg timestamp="20220820 17:32:35.833" level="INFO">Releasing special key CONTROL.</msg>
<msg timestamp="20220820 17:32:35.833" level="INFO">Releasing special key DELETE.</msg>
<status status="PASS" starttime="20220820 17:32:35.476" endtime="20220820 17:32:35.851"/>
</kw>
<kw name="Input Text" library="SeleniumLibrary">
<arg>${CAMPO_NAME_EDIT}</arg>
<arg>${NAME_EDITED}</arg>
<doc>Types the given ``text`` into the text field identified by ``locator``.</doc>
<msg timestamp="20220820 17:32:35.852" level="INFO">Typing text 'Barão Distribuidora' into text field 'xpath=//input[@name='deposit[name]']'.</msg>
<status status="PASS" starttime="20220820 17:32:35.851" endtime="20220820 17:32:35.968"/>
</kw>
<kw name="Press Keys" library="SeleniumLibrary">
<arg>${CAMPO_ADRESS_EDIT}</arg>
<arg>CTRL+A+DELETE</arg>
<doc>Simulates the user pressing key(s) to an element or on the active browser.</doc>
<msg timestamp="20220820 17:32:35.968" level="INFO">Sending key(s) ('CTRL+A+DELETE',) to xpath=//input[@name='deposit[address]'] element.</msg>
<msg timestamp="20220820 17:32:36.297" level="INFO">Pressing special key CONTROL down.</msg>
<msg timestamp="20220820 17:32:36.297" level="INFO">Sending key A</msg>
<msg timestamp="20220820 17:32:36.297" level="INFO">Pressing special key DELETE down.</msg>
<msg timestamp="20220820 17:32:36.298" level="INFO">Releasing special key CONTROL.</msg>
<msg timestamp="20220820 17:32:36.298" level="INFO">Releasing special key DELETE.</msg>
<status status="PASS" starttime="20220820 17:32:35.968" endtime="20220820 17:32:36.316"/>
</kw>
<kw name="Input Text" library="SeleniumLibrary">
<arg>${CAMPO_ADRESS_EDIT}</arg>
<arg>${ADRESS_EDITED}</arg>
<doc>Types the given ``text`` into the text field identified by ``locator``.</doc>
<msg timestamp="20220820 17:32:36.317" level="INFO">Typing text 'Av. Luis Embriane' into text field 'xpath=//input[@name='deposit[address]']'.</msg>
<status status="PASS" starttime="20220820 17:32:36.316" endtime="20220820 17:32:36.444"/>
</kw>
<kw name="Press Keys" library="SeleniumLibrary">
<arg>${CAMPO_CITY_EDIT}</arg>
<arg>CTRL+A+DELETE</arg>
<doc>Simulates the user pressing key(s) to an element or on the active browser.</doc>
<msg timestamp="20220820 17:32:36.445" level="INFO">Sending key(s) ('CTRL+A+DELETE',) to xpath=//input[@name='deposit[city]'] element.</msg>
<msg timestamp="20220820 17:32:36.739" level="INFO">Pressing special key CONTROL down.</msg>
<msg timestamp="20220820 17:32:36.739" level="INFO">Sending key A</msg>
<msg timestamp="20220820 17:32:36.739" level="INFO">Pressing special key DELETE down.</msg>
<msg timestamp="20220820 17:32:36.739" level="INFO">Releasing special key CONTROL.</msg>
<msg timestamp="20220820 17:32:36.739" level="INFO">Releasing special key DELETE.</msg>
<status status="PASS" starttime="20220820 17:32:36.444" endtime="20220820 17:32:36.755"/>
</kw>
<kw name="Input Text" library="SeleniumLibrary">
<arg>${CAMPO_CITY_EDIT}</arg>
<arg>${CITY_EDITED}</arg>
<doc>Types the given ``text`` into the text field identified by ``locator``.</doc>
<msg timestamp="20220820 17:32:36.756" level="INFO">Typing text 'Araraquara' into text field 'xpath=//input[@name='deposit[city]']'.</msg>
<status status="PASS" starttime="20220820 17:32:36.755" endtime="20220820 17:32:36.855"/>
</kw>
<kw name="Press Keys" library="SeleniumLibrary">
<arg>${CAMPO_STATE_EDIT}</arg>
<arg>CTRL+A+DELETE</arg>
<doc>Simulates the user pressing key(s) to an element or on the active browser.</doc>
<msg timestamp="20220820 17:32:36.856" level="INFO">Sending key(s) ('CTRL+A+DELETE',) to xpath=//input[@name='deposit[state]'] element.</msg>
<msg timestamp="20220820 17:32:37.190" level="INFO">Pressing special key CONTROL down.</msg>
<msg timestamp="20220820 17:32:37.190" level="INFO">Sending key A</msg>
<msg timestamp="20220820 17:32:37.190" level="INFO">Pressing special key DELETE down.</msg>
<msg timestamp="20220820 17:32:37.190" level="INFO">Releasing special key CONTROL.</msg>
<msg timestamp="20220820 17:32:37.190" level="INFO">Releasing special key DELETE.</msg>
<status status="PASS" starttime="20220820 17:32:36.855" endtime="20220820 17:32:37.214"/>
</kw>
<kw name="Input Text" library="SeleniumLibrary">
<arg>${CAMPO_STATE_EDIT}</arg>
<arg>${STATE_EDITED}</arg>
<doc>Types the given ``text`` into the text field identified by ``locator``.</doc>
<msg timestamp="20220820 17:32:37.215" level="INFO">Typing text 'São Paulo' into text field 'xpath=//input[@name='deposit[state]']'.</msg>
<status status="PASS" starttime="20220820 17:32:37.214" endtime="20220820 17:32:37.324"/>
</kw>
<kw name="Press Keys" library="SeleniumLibrary">
<arg>${CAMPO_ZIPCODE_EDIT}</arg>
<arg>CTRL+A+DELETE</arg>
<doc>Simulates the user pressing key(s) to an element or on the active browser.</doc>
<msg timestamp="20220820 17:32:37.326" level="INFO">Sending key(s) ('CTRL+A+DELETE',) to xpath=//input[@name='deposit[zipcode]'] element.</msg>
<msg timestamp="20220820 17:32:37.667" level="INFO">Pressing special key CONTROL down.</msg>
<msg timestamp="20220820 17:32:37.667" level="INFO">Sending key A</msg>
<msg timestamp="20220820 17:32:37.668" level="INFO">Pressing special key DELETE down.</msg>
<msg timestamp="20220820 17:32:37.668" level="INFO">Releasing special key CONTROL.</msg>
<msg timestamp="20220820 17:32:37.669" level="INFO">Releasing special key DELETE.</msg>
<status status="PASS" starttime="20220820 17:32:37.325" endtime="20220820 17:32:37.700"/>
</kw>
<kw name="Input Text" library="SeleniumLibrary">
<arg>${CAMPO_ZIPCODE_EDIT}</arg>
<arg>${ZIPCODE_EDITED}</arg>
<doc>Types the given ``text`` into the text field identified by ``locator``.</doc>
<msg timestamp="20220820 17:32:37.701" level="INFO">Typing text '01311100' into text field 'xpath=//input[@name='deposit[zipcode]']'.</msg>
<status status="PASS" starttime="20220820 17:32:37.700" endtime="20220820 17:32:37.842"/>
</kw>
<kw name="Wait Until Element Is Visible" library="SeleniumLibrary">
<arg>${BOTAO_UPDATE_DEPOSIT}</arg>
<doc>Waits until the element ``locator`` is visible.</doc>
<status status="PASS" starttime="20220820 17:32:37.843" endtime="20220820 17:32:37.870"/>
</kw>
<kw name="Click Element" library="SeleniumLibrary">
<arg>${BOTAO_UPDATE_DEPOSIT}</arg>
<doc>Click the element identified by ``locator``.</doc>
<msg timestamp="20220820 17:32:37.871" level="INFO">Clicking element 'xpath=//input[contains(@type,'submit')]'.</msg>
<status status="PASS" starttime="20220820 17:32:37.871" endtime="20220820 17:32:37.938"/>
</kw>
<status status="PASS" starttime="20220820 17:32:34.985" endtime="20220820 17:32:37.939"/>
</kw>
<status status="PASS" starttime="20220820 17:32:34.984" endtime="20220820 17:32:37.939"/>
</kw>
<kw name="Então validará a mensagem de deposito alterado com sucesso e retornará a lista de depósito" library="deposits.pages">
<kw name="Validação da mensagem de atualização com sucesso" library="deposits.pages">
<kw name="Wait Until Element Is Visible" library="SeleniumLibrary">
<arg>${MSG_UPDATED_SUCESS}</arg>
<doc>Waits until the element ``locator`` is visible.</doc>
<status status="PASS" starttime="20220820 17:32:37.944" endtime="20220820 17:32:38.872"/>
</kw>
<kw name="Page Should Contain Element" library="SeleniumLibrary">
<arg>${MSG_UPDATED_SUCESS}</arg>
<doc>Verifies that element ``locator`` is found on the current page.</doc>
<msg timestamp="20220820 17:32:38.888" level="INFO">Current page contains element 'xpath=//p[contains(.,'Deposit was successfully updated.')]'.</msg>
<status status="PASS" starttime="20220820 17:32:38.873" endtime="20220820 17:32:38.888"/>
</kw>
<kw name="Wait Until Element Is Visible" library="SeleniumLibrary">
<arg>${BACK_TO_DEPOSITS}</arg>
<doc>Waits until the element ``locator`` is visible.</doc>
<status status="PASS" starttime="20220820 17:32:38.888" endtime="20220820 17:32:38.922"/>
</kw>
<kw name="Click Element" library="SeleniumLibrary">
<arg>${BACK_TO_DEPOSITS}</arg>
<doc>Click the element identified by ``locator``.</doc>
<msg timestamp="20220820 17:32:38.923" level="INFO">Clicking element 'xpath=//a[contains(.,'Back to deposits')]'.</msg>
<status status="PASS" starttime="20220820 17:32:38.923" endtime="20220820 17:32:38.988"/>
</kw>
<status status="PASS" starttime="20220820 17:32:37.943" endtime="20220820 17:32:38.988"/>
</kw>
<status status="PASS" starttime="20220820 17:32:37.943" endtime="20220820 17:32:38.989"/>
</kw>
<kw name="Finish Test" library="hooks.page.commons" type="TEARDOWN">
<kw name="Capture Page Screenshot" library="SeleniumLibrary">
<doc>Takes a screenshot of the current page and embeds it into a log file.</doc>
<msg timestamp="20220820 17:32:39.239" level="INFO" html="true">&lt;/td&gt;&lt;/tr&gt;&lt;tr&gt;&lt;td colspan="3"&gt;&lt;a href="selenium-screenshot-6.png"&gt;&lt;img src="selenium-screenshot-6.png" width="800px"&gt;&lt;/a&gt;</msg>
<status status="PASS" starttime="20220820 17:32:38.991" endtime="20220820 17:32:39.239"/>
</kw>
<kw name="Close Browser" library="SeleniumLibrary">
<doc>Closes the current browser.</doc>
<status status="PASS" starttime="20220820 17:32:39.239" endtime="20220820 17:32:41.896"/>
</kw>
<status status="PASS" starttime="20220820 17:32:38.990" endtime="20220820 17:32:41.896"/>
</kw>
<doc>Atualização do cadastro de um depósito e validar alteração</doc>
<tag>update_deposit</tag>
<status status="PASS" starttime="20220820 17:32:26.970" endtime="20220820 17:32:41.896"/>
</test>
<status status="PASS" starttime="20220820 17:31:50.239" endtime="20220820 17:32:41.902"/>
</suite>
<suite id="s1-s2" name="002 ItemsBDD.tests" source="C:\Users\srgre\Documents\test_abinbev\frontend\tests\002_ItemsBDD.tests.robot">
<test id="s1-s2-t1" name="Cenário 1 - Criar um novo item" line="9">
<kw name="Start Test" library="hooks.page.commons" type="SETUP">
<kw name="Open Browser" library="SeleniumLibrary">
<arg>${URL_HOST}</arg>
<arg>${BROWSER}</arg>
<doc>Opens a new browser instance to the optional ``url``.</doc>
<msg timestamp="20220820 17:32:42.041" level="INFO">Opening browser 'chrome' to base url 'https://test-bees.herokuapp.com/'.</msg>
<status status="PASS" starttime="20220820 17:32:42.040" endtime="20220820 17:32:46.164"/>
</kw>
<kw name="Maximize Browser Window" library="SeleniumLibrary">
<doc>Maximizes current browser window.</doc>
<status status="PASS" starttime="20220820 17:32:46.164" endtime="20220820 17:32:46.322"/>
</kw>
<kw name="Set Selenium Implicit Wait" library="SeleniumLibrary">
<arg>${TIME_TO_WAIT}</arg>
<doc>Sets the implicit wait value used by Selenium.</doc>
<status status="PASS" starttime="20220820 17:32:46.323" endtime="20220820 17:32:46.338"/>
</kw>
<kw name="Fazer login com sucesso" library="hooks.page.commons">
<kw name="Dado que o usuario esteja na home page da Bees" library="login.pages">
<kw name="Verificar pagina atraves da logomarca" library="login.pages">
<kw name="Page Should Contain Element" library="SeleniumLibrary">
<arg>${LOGO_BEES}</arg>
<doc>Verifies that element ``locator`` is found on the current page.</doc>
<msg timestamp="20220820 17:32:46.623" level="INFO">Current page contains element 'xpath:/html/body/nav/div/a/img'.</msg>
<status status="PASS" starttime="20220820 17:32:46.354" endtime="20220820 17:32:46.623"/>
</kw>
<status status="PASS" starttime="20220820 17:32:46.347" endtime="20220820 17:32:46.623"/>
</kw>
<status status="PASS" starttime="20220820 17:32:46.342" endtime="20220820 17:32:46.623"/>
</kw>
<kw name="Quando inserir um usário e senha válido" library="login.pages">
<kw name="Inserir e-mail e senha" library="login.pages">
<kw name="Wait Until Element Is Visible" library="SeleniumLibrary">
<arg>${CAMPO_EMAIL}</arg>
<doc>Waits until the element ``locator`` is visible.</doc>
<status status="PASS" starttime="20220820 17:32:46.625" endtime="20220820 17:32:46.656"/>
</kw>
<kw name="Wait Until Element Is Visible" library="SeleniumLibrary">
<arg>${CAMPO_SENHA}</arg>
<doc>Waits until the element ``locator`` is visible.</doc>
<status status="PASS" starttime="20220820 17:32:46.656" endtime="20220820 17:32:46.674"/>
</kw>
<kw name="Input Text" library="SeleniumLibrary">
<arg>${CAMPO_EMAIL}</arg>
<arg>${EMAIL_FAKE}</arg>
<doc>Types the given ``text`` into the text field identified by ``locator``.</doc>
<msg timestamp="20220820 17:32:46.674" level="INFO">Typing text 'renatogregorio@protonmail.com' into text field 'id:user_email'.</msg>
<status status="PASS" starttime="20220820 17:32:46.674" endtime="20220820 17:32:46.824"/>
</kw>
<kw name="Input Text" library="SeleniumLibrary">
<arg>${CAMPO_SENHA}</arg>
<arg>${SENHA_FAKE}</arg>
<doc>Types the given ``text`` into the text field identified by ``locator``.</doc>
<msg timestamp="20220820 17:32:46.826" level="INFO">Typing text 'Renato2409@' into text field 'id:user_password'.</msg>
<status status="PASS" starttime="20220820 17:32:46.825" endtime="20220820 17:32:46.925"/>
</kw>
<status status="PASS" starttime="20220820 17:32:46.624" endtime="20220820 17:32:46.925"/>
</kw>
<status status="PASS" starttime="20220820 17:32:46.623" endtime="20220820 17:32:46.925"/>
</kw>
<kw name="E clicar no botão submit" library="login.pages">
<kw name="Clicar no botão submit para efetuar o login" library="login.pages">
<kw name="Wait Until Element Is Visible" library="SeleniumLibrary">
<arg>${BUTTON_SUBMIT}</arg>
<doc>Waits until the element ``locator`` is visible.</doc>
<status status="PASS" starttime="20220820 17:32:46.925" endtime="20220820 17:32:46.979"/>
</kw>
<kw name="Click Element" library="SeleniumLibrary">
<arg>${BUTTON_SUBMIT}</arg>
<doc>Click the element identified by ``locator``.</doc>
<msg timestamp="20220820 17:32:46.980" level="INFO">Clicking element 'xpath://input[contains(@type,'submit')]'.</msg>
<status status="PASS" starttime="20220820 17:32:46.979" endtime="20220820 17:32:48.549"/>
</kw>
<status status="PASS" starttime="20220820 17:32:46.925" endtime="20220820 17:32:48.551"/>
</kw>
<status status="PASS" starttime="20220820 17:32:46.925" endtime="20220820 17:32:48.552"/>
</kw>
<kw name="Então deverá ser exibido a mensagem Signed in successfully." library="login.pages">
<kw name="Verificar a exibição da mensagem de sucesso no login" library="login.pages">
<kw name="Page Should Contain Element" library="SeleniumLibrary">
<arg>${VALIDA_LOGIN}</arg>
<doc>Verifies that element ``locator`` is found on the current page.</doc>
<msg timestamp="20220820 17:32:48.572" level="INFO">Current page contains element 'xpath://p[contains(.,'Signed in successfully.')]'.</msg>
<status status="PASS" starttime="20220820 17:32:48.554" endtime="20220820 17:32:48.572"/>
</kw>
<kw name="Capture Page Screenshot" library="SeleniumLibrary">
<doc>Takes a screenshot of the current page and embeds it into a log file.</doc>
<msg timestamp="20220820 17:32:48.798" level="INFO" html="true">&lt;/td&gt;&lt;/tr&gt;&lt;tr&gt;&lt;td colspan="3"&gt;&lt;a href="selenium-screenshot-7.png"&gt;&lt;img src="selenium-screenshot-7.png" width="800px"&gt;&lt;/a&gt;</msg>
<status status="PASS" starttime="20220820 17:32:48.572" endtime="20220820 17:32:48.798"/>
</kw>
<status status="PASS" starttime="20220820 17:32:48.554" endtime="20220820 17:32:48.798"/>
</kw>
<status status="PASS" starttime="20220820 17:32:48.553" endtime="20220820 17:32:48.799"/>
</kw>
<status status="PASS" starttime="20220820 17:32:46.338" endtime="20220820 17:32:48.799"/>
</kw>
<status status="PASS" starttime="20220820 17:32:42.028" endtime="20220820 17:32:48.799"/>
</kw>
<kw name="Dado que esteja na página de items" library="items.pages">
<kw name="Clicar em Items" library="items.pages">
<kw name="Wait Until Element Is Visible" library="SeleniumLibrary">
<arg>${ITEMS}</arg>
<doc>Waits until the element ``locator`` is visible.</doc>
<status status="PASS" starttime="20220820 17:32:48.801" endtime="20220820 17:32:48.838"/>
</kw>
<kw name="Click Element" library="SeleniumLibrary">
<arg>${ITEMS}</arg>
<doc>Click the element identified by ``locator``.</doc>
<msg timestamp="20220820 17:32:48.839" level="INFO">Clicking element 'xpath=//div[@id="navbarSupportedContent"]//a[contains(text(),"Items")]'.</msg>
<status status="PASS" starttime="20220820 17:32:48.838" endtime="20220820 17:32:48.902"/>
</kw>
<status status="PASS" starttime="20220820 17:32:48.801" endtime="20220820 17:32:48.903"/>
</kw>
<status status="PASS" starttime="20220820 17:32:48.800" endtime="20220820 17:32:48.903"/>
</kw>
<kw name="Quandro clicar no botão e preencher o formulário do novo item" library="items.pages">
<kw name="Clicar no botao novo item" library="items.pages">
<kw name="Sleep" library="BuiltIn">
<arg>2</arg>
<doc>Pauses the test executed for the given time.</doc>
<msg timestamp="20220820 17:32:50.911" level="INFO">Slept 2 seconds</msg>
<status status="PASS" starttime="20220820 17:32:48.908" endtime="20220820 17:32:50.911"/>
</kw>
<kw name="Wait Until Element Is Enabled" library="SeleniumLibrary">
<arg>${NEW_ITEM}</arg>
<doc>Waits until the element ``locator`` is enabled.</doc>
<status status="PASS" starttime="20220820 17:32:50.911" endtime="20220820 17:32:50.958"/>
</kw>
<kw name="Element Should Be Visible" library="SeleniumLibrary">
<arg>${NEW_ITEM}</arg>
<doc>Verifies that the element identified by ``locator`` is visible.</doc>
<msg timestamp="20220820 17:32:50.981" level="INFO">Element 'xpath=//div[@class="container"]//a[contains(text(),"New item")]' is displayed.</msg>
<status status="PASS" starttime="20220820 17:32:50.958" endtime="20220820 17:32:50.981"/>
</kw>
<kw name="Press Keys" library="SeleniumLibrary">
<arg>${BODY}</arg>
<arg>${BTN_END}</arg>
<doc>Simulates the user pressing key(s) to an element or on the active browser.</doc>
<msg timestamp="20220820 17:32:50.981" level="INFO">Sending key(s) ('\ue010',) to xpath://body element.</msg>
<msg timestamp="20220820 17:32:51.293" level="INFO">Sending key </msg>
<status status="PASS" starttime="20220820 17:32:50.981" endtime="20220820 17:32:51.304"/>
</kw>
<kw name="Press Keys" library="SeleniumLibrary">
<arg>${BODY}</arg>
<arg>${BTN_END}</arg>
<doc>Simulates the user pressing key(s) to an element or on the active browser.</doc>
<msg timestamp="20220820 17:32:51.307" level="INFO">Sending key(s) ('\ue010',) to xpath://body element.</msg>
<msg timestamp="20220820 17:32:51.613" level="INFO">Sending key </msg>
<status status="PASS" starttime="20220820 17:32:51.305" endtime="20220820 17:32:51.621"/>
</kw>
<kw name="Press Keys" library="SeleniumLibrary">
<arg>${NEW_ITEM}</arg>
<arg>Mouse Down</arg>
<doc>Simulates the user pressing key(s) to an element or on the active browser.</doc>
<msg timestamp="20220820 17:32:51.622" level="INFO">Sending key(s) ('Mouse Down',) to xpath=//div[@class="container"]//a[contains(text(),"New item")] element.</msg>
<msg timestamp="20220820 17:32:51.963" level="INFO">Sending keys Mouse Down</msg>
<status status="PASS" starttime="20220820 17:32:51.621" endtime="20220820 17:32:52.056"/>
</kw>
<kw name="Wait Until Element Is Visible" library="SeleniumLibrary">
<arg>${VALIDA_NEW_ITEM}</arg>
<doc>Waits until the element ``locator`` is visible.</doc>
<status status="PASS" starttime="20220820 17:32:52.056" endtime="20220820 17:32:52.159"/>
</kw>
<kw name="Page Should Contain Element" library="SeleniumLibrary">
<arg>${VALIDA_NEW_ITEM}</arg>
<doc>Verifies that element ``locator`` is found on the current page.</doc>
<msg timestamp="20220820 17:32:52.168" level="INFO">Current page contains element 'xpath=//h1[contains(.,'New item')]'.</msg>
<status status="PASS" starttime="20220820 17:32:52.160" endtime="20220820 17:32:52.169"/>
</kw>
<status status="PASS" starttime="20220820 17:32:48.907" endtime="20220820 17:32:52.169"/>
</kw>
<kw name="Inserir os dados do formulário" library="items.pages">
<kw name="Input Text" library="SeleniumLibrary">
<arg>${CAMPO_NAME_ITEM}</arg>
<arg>${NAME_ITEM}</arg>
<doc>Types the given ``text`` into the text field identified by ``locator``.</doc>
<msg timestamp="20220820 17:32:52.170" level="INFO">Typing text 'Cerveja Skol' into text field 'xpath=//input[contains(@name,'item[name]')]'.</msg>
<status status="PASS" starttime="20220820 17:32:52.169" endtime="20220820 17:32:52.309"/>
</kw>
<kw name="Input Text" library="SeleniumLibrary">
<arg>${CAMPO_HEIGHT_ITEM}</arg>
<arg>${HEIGTH_ITEM}</arg>
<doc>Types the given ``text`` into the text field identified by ``locator``.</doc>
<msg timestamp="20220820 17:32:52.310" level="INFO">Typing text '10.0' into text field 'xpath=//input[contains(@name,'item[height]')]'.</msg>
<status status="PASS" starttime="20220820 17:32:52.309" endtime="20220820 17:32:52.455"/>
</kw>
<kw name="Input Text" library="SeleniumLibrary">
<arg>${CAMPO_WIDTH}</arg>
<arg>${WIDTH_ITEM}</arg>
<doc>Types the given ``text`` into the text field identified by ``locator``.</doc>
<msg timestamp="20220820 17:32:52.456" level="INFO">Typing text '3.0' into text field 'xpath=//input[contains(@name,'item[width]')]'.</msg>
<status status="PASS" starttime="20220820 17:32:52.455" endtime="20220820 17:32:52.626"/>
</kw>
<kw name="Input Text" library="SeleniumLibrary">
<arg>${CAMPO_WEIGHT}</arg>
<arg>${WEIGHT_ITEM}</arg>
<doc>Types the given ``text`` into the text field identified by ``locator``.</doc>
<msg timestamp="20220820 17:32:52.628" level="INFO">Typing text '1.0' into text field 'xpath=//input[contains(@name,'item[weight]')]'.</msg>
<status status="PASS" starttime="20220820 17:32:52.627" endtime="20220820 17:32:52.763"/>
</kw>
<status status="PASS" starttime="20220820 17:32:52.169" endtime="20220820 17:32:52.764"/>
</kw>
<status status="PASS" starttime="20220820 17:32:48.905" endtime="20220820 17:32:52.764"/>
</kw>
<kw name="E clicar no botão para criar o item" library="items.pages">
<kw name="Clicar no botão criar item" library="items.pages">
<kw name="Click Element" library="SeleniumLibrary">
<arg>${BUTTON_CREATE_ITEM}</arg>
<doc>Click the element identified by ``locator``.</doc>
<msg timestamp="20220820 17:32:52.766" level="INFO">Clicking element 'xpath=//input[contains(@type,'submit')]'.</msg>
<status status="PASS" starttime="20220820 17:32:52.766" endtime="20220820 17:32:52.850"/>
</kw>
<status status="PASS" starttime="20220820 17:32:52.765" endtime="20220820 17:32:52.851"/>
</kw>
<status status="PASS" starttime="20220820 17:32:52.765" endtime="20220820 17:32:52.852"/>
</kw>
<kw name="Então será validado o novo item e retornará a páginas items" library="items.pages">
<kw name="Validar a criação do novo item e voltar a página de items" library="items.pages">
<kw name="Wait Until Element Is Visible" library="SeleniumLibrary">
<arg>${VALIDA_CRIACAO_ITEM}</arg>
<doc>Waits until the element ``locator`` is visible.</doc>
<status status="PASS" starttime="20220820 17:32:52.860" endtime="20220820 17:32:53.321"/>
</kw>
<kw name="Page Should Contain Element" library="SeleniumLibrary">
<arg>${VALIDA_CRIACAO_ITEM}</arg>
<doc>Verifies that element ``locator`` is found on the current page.</doc>
<msg timestamp="20220820 17:32:53.339" level="INFO">Current page contains element 'xpath=//p[contains(.,'Item was successfully created.')]'.</msg>
<status status="PASS" starttime="20220820 17:32:53.322" endtime="20220820 17:32:53.339"/>
</kw>
<kw name="Click Element" library="SeleniumLibrary">
<arg>${VOLTAR_PARA_ITEMS}</arg>
<doc>Click the element identified by ``locator``.</doc>
<msg timestamp="20220820 17:32:53.340" level="INFO">Clicking element 'xpath=//a[contains(.,'Back to items')]'.</msg>
<status status="PASS" starttime="20220820 17:32:53.339" endtime="20220820 17:32:53.403"/>
</kw>
<status status="PASS" starttime="20220820 17:32:52.859" endtime="20220820 17:32:53.404"/>
</kw>
<status status="PASS" starttime="20220820 17:32:52.856" endtime="20220820 17:32:53.404"/>
</kw>
<kw name="Finish Test" library="hooks.page.commons" type="TEARDOWN">
<kw name="Capture Page Screenshot" library="SeleniumLibrary">
<doc>Takes a screenshot of the current page and embeds it into a log file.</doc>
<msg timestamp="20220820 17:32:53.621" level="INFO" html="true">&lt;/td&gt;&lt;/tr&gt;&lt;tr&gt;&lt;td colspan="3"&gt;&lt;a href="selenium-screenshot-8.png"&gt;&lt;img src="selenium-screenshot-8.png" width="800px"&gt;&lt;/a&gt;</msg>
<status status="PASS" starttime="20220820 17:32:53.407" endtime="20220820 17:32:53.621"/>
</kw>
<kw name="Close Browser" library="SeleniumLibrary">
<doc>Closes the current browser.</doc>
<status status="PASS" starttime="20220820 17:32:53.621" endtime="20220820 17:32:56.261"/>
</kw>
<status status="PASS" starttime="20220820 17:32:53.405" endtime="20220820 17:32:56.261"/>
</kw>
<doc>Criação de um novo item e validação</doc>
<tag>new_item</tag>
<status status="PASS" starttime="20220820 17:32:42.026" endtime="20220820 17:32:56.261"/>
</test>
<test id="s1-s2-t2" name="Cenário 2 - Atualizar o cadastro de um item" line="17">
<kw name="Start Test" library="hooks.page.commons" type="SETUP">
<kw name="Open Browser" library="SeleniumLibrary">
<arg>${URL_HOST}</arg>
<arg>${BROWSER}</arg>
<doc>Opens a new browser instance to the optional ``url``.</doc>
<msg timestamp="20220820 17:32:56.277" level="INFO">Opening browser 'chrome' to base url 'https://test-bees.herokuapp.com/'.</msg>
<status status="PASS" starttime="20220820 17:32:56.276" endtime="20220820 17:33:00.535"/>
</kw>
<kw name="Maximize Browser Window" library="SeleniumLibrary">
<doc>Maximizes current browser window.</doc>
<status status="PASS" starttime="20220820 17:33:00.535" endtime="20220820 17:33:00.872"/>
</kw>
<kw name="Set Selenium Implicit Wait" library="SeleniumLibrary">
<arg>${TIME_TO_WAIT}</arg>
<doc>Sets the implicit wait value used by Selenium.</doc>
<status status="PASS" starttime="20220820 17:33:00.873" endtime="20220820 17:33:00.885"/>
</kw>
<kw name="Fazer login com sucesso" library="hooks.page.commons">
<kw name="Dado que o usuario esteja na home page da Bees" library="login.pages">
<kw name="Verificar pagina atraves da logomarca" library="login.pages">
<kw name="Page Should Contain Element" library="SeleniumLibrary">
<arg>${LOGO_BEES}</arg>
<doc>Verifies that element ``locator`` is found on the current page.</doc>
<msg timestamp="20220820 17:33:00.996" level="INFO">Current page contains element 'xpath:/html/body/nav/div/a/img'.</msg>
<status status="PASS" starttime="20220820 17:33:00.901" endtime="20220820 17:33:00.998"/>
</kw>
<status status="PASS" starttime="20220820 17:33:00.900" endtime="20220820 17:33:00.999"/>
</kw>
<status status="PASS" starttime="20220820 17:33:00.896" endtime="20220820 17:33:01.002"/>
</kw>
<kw name="Quando inserir um usário e senha válido" library="login.pages">
<kw name="Inserir e-mail e senha" library="login.pages">
<kw name="Wait Until Element Is Visible" library="SeleniumLibrary">
<arg>${CAMPO_EMAIL}</arg>
<doc>Waits until the element ``locator`` is visible.</doc>
<status status="PASS" starttime="20220820 17:33:01.004" endtime="20220820 17:33:01.053"/>
</kw>
<kw name="Wait Until Element Is Visible" library="SeleniumLibrary">
<arg>${CAMPO_SENHA}</arg>
<doc>Waits until the element ``locator`` is visible.</doc>
<status status="PASS" starttime="20220820 17:33:01.053" endtime="20220820 17:33:01.088"/>
</kw>
<kw name="Input Text" library="SeleniumLibrary">
<arg>${CAMPO_EMAIL}</arg>
<arg>${EMAIL_FAKE}</arg>
<doc>Types the given ``text`` into the text field identified by ``locator``.</doc>
<msg timestamp="20220820 17:33:01.088" level="INFO">Typing text 'renatogregorio@protonmail.com' into text field 'id:user_email'.</msg>
<status status="PASS" starttime="20220820 17:33:01.088" endtime="20220820 17:33:01.225"/>
</kw>
<kw name="Input Text" library="SeleniumLibrary">
<arg>${CAMPO_SENHA}</arg>
<arg>${SENHA_FAKE}</arg>
<doc>Types the given ``text`` into the text field identified by ``locator``.</doc>
<msg timestamp="20220820 17:33:01.226" level="INFO">Typing text 'Renato2409@' into text field 'id:user_password'.</msg>
<status status="PASS" starttime="20220820 17:33:01.225" endtime="20220820 17:33:01.321"/>
</kw>
<status status="PASS" starttime="20220820 17:33:01.003" endtime="20220820 17:33:01.321"/>
</kw>
<status status="PASS" starttime="20220820 17:33:01.003" endtime="20220820 17:33:01.321"/>
</kw>
<kw name="E clicar no botão submit" library="login.pages">
<kw name="Clicar no botão submit para efetuar o login" library="login.pages">
<kw name="Wait Until Element Is Visible" library="SeleniumLibrary">
<arg>${BUTTON_SUBMIT}</arg>
<doc>Waits until the element ``locator`` is visible.</doc>
<status status="PASS" starttime="20220820 17:33:01.321" endtime="20220820 17:33:01.371"/>
</kw>
<kw name="Click Element" library="SeleniumLibrary">
<arg>${BUTTON_SUBMIT}</arg>
<doc>Click the element identified by ``locator``.</doc>
<msg timestamp="20220820 17:33:01.372" level="INFO">Clicking element 'xpath://input[contains(@type,'submit')]'.</msg>
<status status="PASS" starttime="20220820 17:33:01.371" endtime="20220820 17:33:02.282"/>
</kw>
<status status="PASS" starttime="20220820 17:33:01.321" endtime="20220820 17:33:02.283"/>
</kw>
<status status="PASS" starttime="20220820 17:33:01.321" endtime="20220820 17:33:02.285"/>
</kw>
<kw name="Então deverá ser exibido a mensagem Signed in successfully." library="login.pages">
<kw name="Verificar a exibição da mensagem de sucesso no login" library="login.pages">
<kw name="Page Should Contain Element" library="SeleniumLibrary">
<arg>${VALIDA_LOGIN}</arg>
<doc>Verifies that element ``locator`` is found on the current page.</doc>
<msg timestamp="20220820 17:33:02.313" level="INFO">Current page contains element 'xpath://p[contains(.,'Signed in successfully.')]'.</msg>
<status status="PASS" starttime="20220820 17:33:02.291" endtime="20220820 17:33:02.313"/>
</kw>
<kw name="Capture Page Screenshot" library="SeleniumLibrary">
<doc>Takes a screenshot of the current page and embeds it into a log file.</doc>
<msg timestamp="20220820 17:33:02.776" level="INFO" html="true">&lt;/td&gt;&lt;/tr&gt;&lt;tr&gt;&lt;td colspan="3"&gt;&lt;a href="selenium-screenshot-9.png"&gt;&lt;img src="selenium-screenshot-9.png" width="800px"&gt;&lt;/a&gt;</msg>
<status status="PASS" starttime="20220820 17:33:02.313" endtime="20220820 17:33:02.777"/>
</kw>
<status status="PASS" starttime="20220820 17:33:02.288" endtime="20220820 17:33:02.778"/>
</kw>
<status status="PASS" starttime="20220820 17:33:02.286" endtime="20220820 17:33:02.779"/>
</kw>
<status status="PASS" starttime="20220820 17:33:00.887" endtime="20220820 17:33:02.779"/>
</kw>
<status status="PASS" starttime="20220820 17:32:56.276" endtime="20220820 17:33:02.779"/>
</kw>
<kw name="Dado que esteja na página de items" library="items.pages">
<kw name="Clicar em Items" library="items.pages">
<kw name="Wait Until Element Is Visible" library="SeleniumLibrary">
<arg>${ITEMS}</arg>
<doc>Waits until the element ``locator`` is visible.</doc>
<status status="PASS" starttime="20220820 17:33:02.781" endtime="20220820 17:33:02.806"/>
</kw>
<kw name="Click Element" library="SeleniumLibrary">
<arg>${ITEMS}</arg>
<doc>Click the element identified by ``locator``.</doc>
<msg timestamp="20220820 17:33:02.806" level="INFO">Clicking element 'xpath=//div[@id="navbarSupportedContent"]//a[contains(text(),"Items")]'.</msg>
<status status="PASS" starttime="20220820 17:33:02.806" endtime="20220820 17:33:02.874"/>
</kw>
<status status="PASS" starttime="20220820 17:33:02.781" endtime="20220820 17:33:02.875"/>
</kw>
<status status="PASS" starttime="20220820 17:33:02.780" endtime="20220820 17:33:02.876"/>
</kw>
<kw name="Quando clicar em visualizar o cadastro de um item" library="items.pages">
<kw name="Clicar em Show This Item" library="items.pages">
<kw name="Element Should Be Visible" library="SeleniumLibrary">
<arg>${SHOW_ITEM}</arg>
<doc>Verifies that the element identified by ``locator`` is visible.</doc>
<msg timestamp="20220820 17:33:03.590" level="INFO">Element 'xpath=(//a[contains(.,'Show this item')])[4]' is displayed.</msg>
<status status="PASS" starttime="20220820 17:33:02.885" endtime="20220820 17:33:03.591"/>
</kw>
<kw name="Wait Until Element Is Enabled" library="SeleniumLibrary">
<arg>${SHOW_ITEM}</arg>
<doc>Waits until the element ``locator`` is enabled.</doc>
<status status="PASS" starttime="20220820 17:33:03.591" endtime="20220820 17:33:03.658"/>
</kw>
<kw name="Press Keys" library="SeleniumLibrary">
<arg>${SHOW_ITEM}</arg>
<arg>Mouse Down</arg>
<doc>Simulates the user pressing key(s) to an element or on the active browser.</doc>
<msg timestamp="20220820 17:33:03.659" level="INFO">Sending key(s) ('Mouse Down',) to xpath=(//a[contains(.,'Show this item')])[4] element.</msg>
<msg timestamp="20220820 17:33:03.979" level="INFO">Sending keys Mouse Down</msg>
<status status="PASS" starttime="20220820 17:33:03.659" endtime="20220820 17:33:04.017"/>
</kw>
<status status="PASS" starttime="20220820 17:33:02.882" endtime="20220820 17:33:04.017"/>
</kw>
<status status="PASS" starttime="20220820 17:33:02.881" endtime="20220820 17:33:04.017"/>
</kw>
<kw name=" E alterar o cadastro do item selecionado" library="items.pages">
<kw name="Editar um Cadastro de item" library="items.pages">
<kw name="Wait Until Element Is Visible" library="SeleniumLibrary">
<arg>${EDIT_ITEM}</arg>
<doc>Waits until the element ``locator`` is visible.</doc>
<status status="PASS" starttime="20220820 17:33:04.019" endtime="20220820 17:33:04.204"/>
</kw>
<kw name="Click Element" library="SeleniumLibrary">
<arg>${EDIT_ITEM}</arg>
<doc>Click the element identified by ``locator``.</doc>
<msg timestamp="20220820 17:33:04.205" level="INFO">Clicking element 'xpath=//a[contains(.,'Edit this item')]'.</msg>
<status status="PASS" starttime="20220820 17:33:04.204" endtime="20220820 17:33:04.263"/>
</kw>
<kw name="Wait Until Element Is Visible" library="SeleniumLibrary">
<arg>${BOTAO_UPDATE_ITEM}</arg>
<doc>Waits until the element ``locator`` is visible.</doc>
<status status="PASS" starttime="20220820 17:33:04.264" endtime="20220820 17:33:04.455"/>
</kw>
<kw name="Press Keys" library="SeleniumLibrary">
<arg>${CAMPO_NAME_EDIT}</arg>
<arg>CTRL+A+DELETE</arg>
<doc>Simulates the user pressing key(s) to an element or on the active browser.</doc>
<msg timestamp="20220820 17:33:04.458" level="INFO">Sending key(s) ('CTRL+A+DELETE',) to xpath=//input[@name='item[name]'] element.</msg>
<msg timestamp="20220820 17:33:04.780" level="INFO">Pressing special key CONTROL down.</msg>
<msg timestamp="20220820 17:33:04.780" level="INFO">Sending key A</msg>
<msg timestamp="20220820 17:33:04.781" level="INFO">Pressing special key DELETE down.</msg>
<msg timestamp="20220820 17:33:04.781" level="INFO">Releasing special key CONTROL.</msg>
<msg timestamp="20220820 17:33:04.781" level="INFO">Releasing special key DELETE.</msg>
<status status="PASS" starttime="20220820 17:33:04.455" endtime="20220820 17:33:04.798"/>
</kw>
<kw name="Input Text" library="SeleniumLibrary">
<arg>${CAMPO_NAME_EDIT}</arg>
<arg>${NAME_EDITED}</arg>
<doc>Types the given ``text`` into the text field identified by ``locator``.</doc>
<msg timestamp="20220820 17:33:04.799" level="INFO">Typing text 'Test' into text field 'xpath=//input[@name='item[name]']'.</msg>
<status status="PASS" starttime="20220820 17:33:04.798" endtime="20220820 17:33:04.896"/>
</kw>
<kw name="Press Keys" library="SeleniumLibrary">
<arg>${CAMPO_HEIGHT_EDIT}</arg>
<arg>CTRL+A+DELETE</arg>
<doc>Simulates the user pressing key(s) to an element or on the active browser.</doc>
<msg timestamp="20220820 17:33:04.897" level="INFO">Sending key(s) ('CTRL+A+DELETE',) to xpath=//input[@name='item[height]'] element.</msg>
<msg timestamp="20220820 17:33:05.192" level="INFO">Pressing special key CONTROL down.</msg>
<msg timestamp="20220820 17:33:05.193" level="INFO">Sending key A</msg>
<msg timestamp="20220820 17:33:05.193" level="INFO">Pressing special key DELETE down.</msg>
<msg timestamp="20220820 17:33:05.193" level="INFO">Releasing special key CONTROL.</msg>
<msg timestamp="20220820 17:33:05.193" level="INFO">Releasing special key DELETE.</msg>
<status status="PASS" starttime="20220820 17:33:04.896" endtime="20220820 17:33:05.209"/>
</kw>
<kw name="Input Text" library="SeleniumLibrary">
<arg>${CAMPO_HEIGHT_EDIT}</arg>
<arg>${HEIGHT_EDITED}</arg>
<doc>Types the given ``text`` into the text field identified by ``locator``.</doc>
<msg timestamp="20220820 17:33:05.210" level="INFO">Typing text '35.2' into text field 'xpath=//input[@name='item[height]']'.</msg>
<status status="PASS" starttime="20220820 17:33:05.209" endtime="20220820 17:33:05.318"/>
</kw>
<kw name="Press Keys" library="SeleniumLibrary">
<arg>${CAMPO_WIDTH_EDIT}</arg>
<arg>CTRL+A+DELETE</arg>
<doc>Simulates the user pressing key(s) to an element or on the active browser.</doc>
<msg timestamp="20220820 17:33:05.319" level="INFO">Sending key(s) ('CTRL+A+DELETE',) to xpath=//input[@name='item[width]'] element.</msg>
<msg timestamp="20220820 17:33:05.637" level="INFO">Pressing special key CONTROL down.</msg>
<msg timestamp="20220820 17:33:05.637" level="INFO">Sending key A</msg>
<msg timestamp="20220820 17:33:05.638" level="INFO">Pressing special key DELETE down.</msg>
<msg timestamp="20220820 17:33:05.638" level="INFO">Releasing special key CONTROL.</msg>
<msg timestamp="20220820 17:33:05.639" level="INFO">Releasing special key DELETE.</msg>
<status status="PASS" starttime="20220820 17:33:05.318" endtime="20220820 17:33:05.659"/>
</kw>
<kw name="Input Text" library="SeleniumLibrary">
<arg>${CAMPO_WIDTH_EDIT}</arg>
<arg>${WIDTH_EDITED}</arg>
<doc>Types the given ``text`` into the text field identified by ``locator``.</doc>
<msg timestamp="20220820 17:33:05.660" level="INFO">Typing text '22.3' into text field 'xpath=//input[@name='item[width]']'.</msg>
<status status="PASS" starttime="20220820 17:33:05.659" endtime="20220820 17:33:05.766"/>
</kw>
<kw name="Press Keys" library="SeleniumLibrary">
<arg>${CAMPO_WEIGHT_EDIT}</arg>
<arg>CTRL+A+DELETE</arg>
<doc>Simulates the user pressing key(s) to an element or on the active browser.</doc>
<msg timestamp="20220820 17:33:05.767" level="INFO">Sending key(s) ('CTRL+A+DELETE',) to xpath=//input[@name='item[weight]'] element.</msg>
<msg timestamp="20220820 17:33:06.085" level="INFO">Pressing special key CONTROL down.</msg>
<msg timestamp="20220820 17:33:06.085" level="INFO">Sending key A</msg>
<msg timestamp="20220820 17:33:06.085" level="INFO">Pressing special key DELETE down.</msg>
<msg timestamp="20220820 17:33:06.085" level="INFO">Releasing special key CONTROL.</msg>
<msg timestamp="20220820 17:33:06.085" level="INFO">Releasing special key DELETE.</msg>
<status status="PASS" starttime="20220820 17:33:05.766" endtime="20220820 17:33:06.117"/>
</kw>
<kw name="Input Text" library="SeleniumLibrary">
<arg>${CAMPO_WEIGHT_EDIT}</arg>
<arg>${WEIGHT_EDITED}</arg>
<doc>Types the given ``text`` into the text field identified by ``locator``.</doc>
<msg timestamp="20220820 17:33:06.117" level="INFO">Typing text '30.2' into text field 'xpath=//input[@name='item[weight]']'.</msg>
<status status="PASS" starttime="20220820 17:33:06.117" endtime="20220820 17:33:06.226"/>
</kw>
<kw name="Wait Until Element Is Visible" library="SeleniumLibrary">
<arg>${BOTAO_UPDATE_ITEM}</arg>
<doc>Waits until the element ``locator`` is visible.</doc>
<status status="PASS" starttime="20220820 17:33:06.226" endtime="20220820 17:33:06.249"/>
</kw>
<kw name="Click Element" library="SeleniumLibrary">
<arg>${BOTAO_UPDATE_ITEM}</arg>
<doc>Click the element identified by ``locator``.</doc>
<msg timestamp="20220820 17:33:06.250" level="INFO">Clicking element 'xpath=//input[contains(@type,'submit')]'.</msg>
<status status="PASS" starttime="20220820 17:33:06.249" endtime="20220820 17:33:06.310"/>
</kw>
<status status="PASS" starttime="20220820 17:33:04.019" endtime="20220820 17:33:06.310"/>
</kw>
<status status="PASS" starttime="20220820 17:33:04.018" endtime="20220820 17:33:06.311"/>
</kw>
<kw name="Então validará a mensagem de item alterado com sucesso e retornará a página de item" library="items.pages">
<kw name="Validação da mensagem de atualização com sucesso" library="items.pages">
<kw name="Page Should Contain Element" library="SeleniumLibrary">
<arg>${MSG_UPDATE}</arg>
<doc>Verifies that element ``locator`` is found on the current page.</doc>
<msg timestamp="20220820 17:33:06.626" level="INFO">Current page contains element 'xpath=//p[contains(.,'Item was successfully updated.')]'.</msg>
<status status="PASS" starttime="20220820 17:33:06.314" endtime="20220820 17:33:06.626"/>
</kw>
<kw name="Wait Until Element Is Visible" library="SeleniumLibrary">
<arg>${BACK_TO_ITEM}</arg>
<doc>Waits until the element ``locator`` is visible.</doc>
<status status="PASS" starttime="20220820 17:33:06.627" endtime="20220820 17:33:06.654"/>
</kw>
<kw name="Click Element" library="SeleniumLibrary">
<arg>${BACK_TO_ITEM}</arg>
<doc>Click the element identified by ``locator``.</doc>
<msg timestamp="20220820 17:33:06.654" level="INFO">Clicking element 'xpath=//a[contains(.,'Back to items')]'.</msg>
<status status="PASS" starttime="20220820 17:33:06.654" endtime="20220820 17:33:06.713"/>
</kw>
<status status="PASS" starttime="20220820 17:33:06.313" endtime="20220820 17:33:06.713"/>
</kw>
<status status="PASS" starttime="20220820 17:33:06.312" endtime="20220820 17:33:06.713"/>
</kw>
<kw name="Finish Test" library="hooks.page.commons" type="TEARDOWN">
<kw name="Capture Page Screenshot" library="SeleniumLibrary">
<doc>Takes a screenshot of the current page and embeds it into a log file.</doc>
<msg timestamp="20220820 17:33:06.918" level="INFO" html="true">&lt;/td&gt;&lt;/tr&gt;&lt;tr&gt;&lt;td colspan="3"&gt;&lt;a href="selenium-screenshot-10.png"&gt;&lt;img src="selenium-screenshot-10.png" width="800px"&gt;&lt;/a&gt;</msg>
<status status="PASS" starttime="20220820 17:33:06.717" endtime="20220820 17:33:06.918"/>
</kw>
<kw name="Close Browser" library="SeleniumLibrary">
<doc>Closes the current browser.</doc>
<status status="PASS" starttime="20220820 17:33:06.918" endtime="20220820 17:33:09.354"/>
</kw>
<status status="PASS" starttime="20220820 17:33:06.715" endtime="20220820 17:33:09.354"/>
</kw>
<doc>Atualização do cadastro de um item e validar alteração</doc>
<tag>update_item</tag>
<status status="PASS" starttime="20220820 17:32:56.274" endtime="20220820 17:33:09.354"/>
</test>
<test id="s1-s2-t3" name="Cenário 3 - Excluir o cadastro de um item" line="25">
<kw name="Start Test" library="hooks.page.commons" type="SETUP">
<kw name="Open Browser" library="SeleniumLibrary">
<arg>${URL_HOST}</arg>
<arg>${BROWSER}</arg>
<doc>Opens a new browser instance to the optional ``url``.</doc>
<msg timestamp="20220820 17:33:09.381" level="INFO">Opening browser 'chrome' to base url 'https://test-bees.herokuapp.com/'.</msg>
<status status="PASS" starttime="20220820 17:33:09.378" endtime="20220820 17:33:13.002"/>
</kw>
<kw name="Maximize Browser Window" library="SeleniumLibrary">
[...]
<kw name="Wait Until Element Is Visible" library="SeleniumLibrary">
<arg>${INVENTORY}</arg>
<doc>Waits until the element ``locator`` is visible.</doc>
<status status="PASS" starttime="20220820 17:33:40.225" endtime="20220820 17:33:40.261"/>
</kw>
<kw name="Click Element" library="SeleniumLibrary">
<arg>${INVENTORY}</arg>
<doc>Click the element identified by ``locator``.</doc>
<msg timestamp="20220820 17:33:40.262" level="INFO">Clicking element 'xpath=//div[@id="navbarSupportedContent"]//a[contains(text(),"Inventory")]'.</msg>
<status status="PASS" starttime="20220820 17:33:40.261" endtime="20220820 17:33:40.328"/>
</kw>
<status status="PASS" starttime="20220820 17:33:40.225" endtime="20220820 17:33:40.328"/>
</kw>
<status status="PASS" starttime="20220820 17:33:40.224" endtime="20220820 17:33:40.329"/>
</kw>
<kw name="Quando clicar em visualizar o cadastro de um inventory" library="inventory.pages">
<kw name="Clicar em Show This Inventory" library="inventory.pages">
<kw name="Element Should Be Visible" library="SeleniumLibrary">
<arg>${SHOW_INVENTORY}</arg>
<doc>Verifies that the element identified by ``locator`` is visible.</doc>
<msg timestamp="20220820 17:33:40.903" level="INFO">Element 'xpath=(//a[contains(.,'Show this inventory')])[1]' is displayed.</msg>
<status status="PASS" starttime="20220820 17:33:40.336" endtime="20220820 17:33:40.903"/>
</kw>
<kw name="Wait Until Element Is Enabled" library="SeleniumLibrary">
<arg>${SHOW_INVENTORY}</arg>
<doc>Waits until the element ``locator`` is enabled.</doc>
<status status="PASS" starttime="20220820 17:33:40.903" endtime="20220820 17:33:40.959"/>
</kw>
<kw name="Press Keys" library="SeleniumLibrary">
<arg>${SHOW_INVENTORY}</arg>
<arg>Mouse Down</arg>
<doc>Simulates the user pressing key(s) to an element or on the active browser.</doc>
<msg timestamp="20220820 17:33:40.960" level="INFO">Sending key(s) ('Mouse Down',) to xpath=(//a[contains(.,'Show this inventory')])[1] element.</msg>
<msg timestamp="20220820 17:33:41.257" level="INFO">Sending keys Mouse Down</msg>
<status status="PASS" starttime="20220820 17:33:40.959" endtime="20220820 17:33:41.287"/>
</kw>
<status status="PASS" starttime="20220820 17:33:40.333" endtime="20220820 17:33:41.288"/>
</kw>
<status status="PASS" starttime="20220820 17:33:40.331" endtime="20220820 17:33:41.288"/>
</kw>
<kw name="E clicar em destroy this inventory" library="inventory.pages">
<kw name="Click no botão destroy inventory" library="inventory.pages">
<kw name="Wait Until Element Is Visible" library="SeleniumLibrary">
<arg>${BUTTON_DESTROY_INVENTORY}</arg>
<doc>Waits until the element ``locator`` is visible.</doc>
<status status="PASS" starttime="20220820 17:33:41.291" endtime="20220820 17:33:41.465"/>
</kw>
<kw name="Click Button" library="SeleniumLibrary">
<arg>${BUTTON_DESTROY_INVENTORY}</arg>
<doc>Clicks the button identified by ``locator``.</doc>
<msg timestamp="20220820 17:33:41.465" level="INFO">Clicking button 'xpath=//button[@type='submit'][contains(.,'Destroy this inventory')]'.</msg>
<status status="PASS" starttime="20220820 17:33:41.465" endtime="20220820 17:33:41.564"/>
</kw>
<status status="PASS" starttime="20220820 17:33:41.290" endtime="20220820 17:33:41.565"/>
</kw>
<status status="PASS" starttime="20220820 17:33:41.289" endtime="20220820 17:33:41.565"/>
</kw>
<kw name="Então validará a mensagem de inventory excluído com sucesso" library="inventory.pages">
<kw name="Validação da mensagem de inventory excluído" library="inventory.pages">
<kw name="Wait Until Element Is Visible" library="SeleniumLibrary">
<arg>${MSG_DESTROY_INVENTORY}</arg>
<doc>Waits until the element ``locator`` is visible.</doc>
<status status="PASS" starttime="20220820 17:33:41.568" endtime="20220820 17:33:41.948"/>
</kw>
<kw name="Page Should Contain Element" library="SeleniumLibrary">
<arg>${MSG_DESTROY_INVENTORY}</arg>
<doc>Verifies that element ``locator`` is found on the current page.</doc>
<msg timestamp="20220820 17:33:41.950" level="INFO">Current page contains element 'xpath=//p[contains(.,'Inventory was successfully destroyed.')]'.</msg>
<status status="PASS" starttime="20220820 17:33:41.948" endtime="20220820 17:33:41.950"/>
</kw>
<status status="PASS" starttime="20220820 17:33:41.567" endtime="20220820 17:33:41.950"/>
</kw>
<status status="PASS" starttime="20220820 17:33:41.566" endtime="20220820 17:33:41.950"/>
</kw>
<kw name="Finish Test" library="hooks.page.commons" type="TEARDOWN">
<kw name="Capture Page Screenshot" library="SeleniumLibrary">
<doc>Takes a screenshot of the current page and embeds it into a log file.</doc>
<msg timestamp="20220820 17:33:42.217" level="INFO" html="true">&lt;/td&gt;&lt;/tr&gt;&lt;tr&gt;&lt;td colspan="3"&gt;&lt;a href="selenium-screenshot-16.png"&gt;&lt;img src="selenium-screenshot-16.png" width="800px"&gt;&lt;/a&gt;</msg>
<status status="PASS" starttime="20220820 17:33:41.960" endtime="20220820 17:33:42.217"/>
</kw>
<kw name="Close Browser" library="SeleniumLibrary">
<doc>Closes the current browser.</doc>
<status status="PASS" starttime="20220820 17:33:42.218" endtime="20220820 17:33:44.782"/>
</kw>
<status status="PASS" starttime="20220820 17:33:41.950" endtime="20220820 17:33:44.782"/>
</kw>
<doc>Exclusão de um cadastro de depósito e validação</doc>
<tag>exclusion_inventory</tag>
<status status="PASS" starttime="20220820 17:33:33.499" endtime="20220820 17:33:44.782"/>
</test>
<test id="s1-s3-t3" name="Cenário 3 - Atualizar o cadastro de um item" line="25">
<kw name="Start Test" library="hooks.page.commons" type="SETUP">
<kw name="Open Browser" library="SeleniumLibrary">
<arg>${URL_HOST}</arg>
<arg>${BROWSER}</arg>
<doc>Opens a new browser instance to the optional ``url``.</doc>
<msg timestamp="20220820 17:33:44.793" level="INFO">Opening browser 'chrome' to base url 'https://test-bees.herokuapp.com/'.</msg>
<status status="PASS" starttime="20220820 17:33:44.791" endtime="20220820 17:33:49.236"/>
</kw>
<kw name="Maximize Browser Window" library="SeleniumLibrary">
<doc>Maximizes current browser window.</doc>
<status status="PASS" starttime="20220820 17:33:49.236" endtime="20220820 17:33:49.409"/>
</kw>
<kw name="Set Selenium Implicit Wait" library="SeleniumLibrary">
<arg>${TIME_TO_WAIT}</arg>
<doc>Sets the implicit wait value used by Selenium.</doc>
<status status="PASS" starttime="20220820 17:33:49.410" endtime="20220820 17:33:49.422"/>
</kw>
<kw name="Fazer login com sucesso" library="hooks.page.commons">
<kw name="Dado que o usuario esteja na home page da Bees" library="login.pages">
<kw name="Verificar pagina atraves da logomarca" library="login.pages">
<kw name="Page Should Contain Element" library="SeleniumLibrary">
<arg>${LOGO_BEES}</arg>
<doc>Verifies that element ``locator`` is found on the current page.</doc>
<msg timestamp="20220820 17:33:49.698" level="INFO">Current page contains element 'xpath:/html/body/nav/div/a/img'.</msg>
<status status="PASS" starttime="20220820 17:33:49.431" endtime="20220820 17:33:49.698"/>
</kw>
<status status="PASS" starttime="20220820 17:33:49.427" endtime="20220820 17:33:49.698"/>
</kw>
<status status="PASS" starttime="20220820 17:33:49.426" endtime="20220820 17:33:49.698"/>
</kw>
<kw name="Quando inserir um usário e senha válido" library="login.pages">
<kw name="Inserir e-mail e senha" library="login.pages">
<kw name="Wait Until Element Is Visible" library="SeleniumLibrary">
<arg>${CAMPO_EMAIL}</arg>
<doc>Waits until the element ``locator`` is visible.</doc>
<status status="PASS" starttime="20220820 17:33:49.698" endtime="20220820 17:33:49.729"/>
</kw>
<kw name="Wait Until Element Is Visible" library="SeleniumLibrary">
<arg>${CAMPO_SENHA}</arg>
<doc>Waits until the element ``locator`` is visible.</doc>
<status status="PASS" starttime="20220820 17:33:49.729" endtime="20220820 17:33:49.760"/>
</kw>
<kw name="Input Text" library="SeleniumLibrary">
<arg>${CAMPO_EMAIL}</arg>
<arg>${EMAIL_FAKE}</arg>
<doc>Types the given ``text`` into the text field identified by ``locator``.</doc>
<msg timestamp="20220820 17:33:49.760" level="INFO">Typing text 'renatogregorio@protonmail.com' into text field 'id:user_email'.</msg>
<status status="PASS" starttime="20220820 17:33:49.760" endtime="20220820 17:33:49.908"/>
</kw>
<kw name="Input Text" library="SeleniumLibrary">
<arg>${CAMPO_SENHA}</arg>
<arg>${SENHA_FAKE}</arg>
<doc>Types the given ``text`` into the text field identified by ``locator``.</doc>
<msg timestamp="20220820 17:33:49.910" level="INFO">Typing text 'Renato2409@' into text field 'id:user_password'.</msg>
<status status="PASS" starttime="20220820 17:33:49.909" endtime="20220820 17:33:50.014"/>
</kw>
<status status="PASS" starttime="20220820 17:33:49.698" endtime="20220820 17:33:50.014"/>
</kw>
<status status="PASS" starttime="20220820 17:33:49.698" endtime="20220820 17:33:50.014"/>
</kw>
<kw name="E clicar no botão submit" library="login.pages">
<kw name="Clicar no botão submit para efetuar o login" library="login.pages">
<kw name="Wait Until Element Is Visible" library="SeleniumLibrary">
<arg>${BUTTON_SUBMIT}</arg>
<doc>Waits until the element ``locator`` is visible.</doc>
<status status="PASS" starttime="20220820 17:33:50.014" endtime="20220820 17:33:50.059"/>
</kw>
<kw name="Click Element" library="SeleniumLibrary">
<arg>${BUTTON_SUBMIT}</arg>
<doc>Click the element identified by ``locator``.</doc>
<msg timestamp="20220820 17:33:50.060" level="INFO">Clicking element 'xpath://input[contains(@type,'submit')]'.</msg>
<status status="PASS" starttime="20220820 17:33:50.059" endtime="20220820 17:33:51.340"/>
</kw>
<status status="PASS" starttime="20220820 17:33:50.014" endtime="20220820 17:33:51.340"/>
</kw>
<status status="PASS" starttime="20220820 17:33:50.014" endtime="20220820 17:33:51.341"/>
</kw>
<kw name="Então deverá ser exibido a mensagem Signed in successfully." library="login.pages">
<kw name="Verificar a exibição da mensagem de sucesso no login" library="login.pages">
<kw name="Page Should Contain Element" library="SeleniumLibrary">
<arg>${VALIDA_LOGIN}</arg>
<doc>Verifies that element ``locator`` is found on the current page.</doc>
<msg timestamp="20220820 17:33:51.372" level="INFO">Current page contains element 'xpath://p[contains(.,'Signed in successfully.')]'.</msg>
<status status="PASS" starttime="20220820 17:33:51.342" endtime="20220820 17:33:51.372"/>
</kw>
<kw name="Capture Page Screenshot" library="SeleniumLibrary">
<doc>Takes a screenshot of the current page and embeds it into a log file.</doc>
<msg timestamp="20220820 17:33:51.583" level="INFO" html="true">&lt;/td&gt;&lt;/tr&gt;&lt;tr&gt;&lt;td colspan="3"&gt;&lt;a href="selenium-screenshot-17.png"&gt;&lt;img src="selenium-screenshot-17.png" width="800px"&gt;&lt;/a&gt;</msg>
<status status="PASS" starttime="20220820 17:33:51.372" endtime="20220820 17:33:51.583"/>
</kw>
<status status="PASS" starttime="20220820 17:33:51.341" endtime="20220820 17:33:51.583"/>
</kw>
<status status="PASS" starttime="20220820 17:33:51.341" endtime="20220820 17:33:51.584"/>
</kw>
<status status="PASS" starttime="20220820 17:33:49.424" endtime="20220820 17:33:51.584"/>
</kw>
<status status="PASS" starttime="20220820 17:33:44.790" endtime="20220820 17:33:51.584"/>
</kw>
<kw name=" Dado que esteja na página de inventário" library="inventory.pages">
<kw name="Clicar em Inventory" library="inventory.pages">
<kw name="Wait Until Element Is Visible" library="SeleniumLibrary">
<arg>${INVENTORY}</arg>
<doc>Waits until the element ``locator`` is visible.</doc>
<status status="PASS" starttime="20220820 17:33:51.586" endtime="20220820 17:33:51.615"/>
</kw>
<kw name="Click Element" library="SeleniumLibrary">
<arg>${INVENTORY}</arg>
<doc>Click the element identified by ``locator``.</doc>
<msg timestamp="20220820 17:33:51.617" level="INFO">Clicking element 'xpath=//div[@id="navbarSupportedContent"]//a[contains(text(),"Inventory")]'.</msg>
<status status="PASS" starttime="20220820 17:33:51.615" endtime="20220820 17:33:51.694"/>
</kw>
<status status="PASS" starttime="20220820 17:33:51.586" endtime="20220820 17:33:51.695"/>
</kw>
<status status="PASS" starttime="20220820 17:33:51.585" endtime="20220820 17:33:51.695"/>
</kw>
<kw name="Quando clicar em visualizar o cadastro de um inventory" library="inventory.pages">
<kw name="Clicar em Show This Inventory" library="inventory.pages">
<kw name="Element Should Be Visible" library="SeleniumLibrary">
<arg>${SHOW_INVENTORY}</arg>
<doc>Verifies that the element identified by ``locator`` is visible.</doc>
<msg timestamp="20220820 17:33:52.273" level="INFO">Element 'xpath=(//a[contains(.,'Show this inventory')])[1]' is displayed.</msg>
<status status="PASS" starttime="20220820 17:33:51.703" endtime="20220820 17:33:52.274"/>
</kw>
<kw name="Wait Until Element Is Enabled" library="SeleniumLibrary">
<arg>${SHOW_INVENTORY}</arg>
<doc>Waits until the element ``locator`` is enabled.</doc>
<status status="PASS" starttime="20220820 17:33:52.274" endtime="20220820 17:33:52.325"/>
</kw>
<kw name="Press Keys" library="SeleniumLibrary">
<arg>${SHOW_INVENTORY}</arg>
<arg>Mouse Down</arg>
<doc>Simulates the user pressing key(s) to an element or on the active browser.</doc>
<msg timestamp="20220820 17:33:52.326" level="INFO">Sending key(s) ('Mouse Down',) to xpath=(//a[contains(.,'Show this inventory')])[1] element.</msg>
<msg timestamp="20220820 17:33:52.652" level="INFO">Sending keys Mouse Down</msg>
<status status="PASS" starttime="20220820 17:33:52.325" endtime="20220820 17:33:52.689"/>
</kw>
<status status="PASS" starttime="20220820 17:33:51.702" endtime="20220820 17:33:52.690"/>
</kw>
<status status="PASS" starttime="20220820 17:33:51.699" endtime="20220820 17:33:52.690"/>
</kw>
<kw name="E alterar o cadastro do iventory selecionado" library="inventory.pages">
<kw name="Editar um Cadastro de item" library="inventory.pages">
<kw name="Wait Until Element Is Visible" library="SeleniumLibrary">
<arg>${EDIT_INVENTORY}</arg>
<doc>Waits until the element ``locator`` is visible.</doc>
<status status="PASS" starttime="20220820 17:33:52.692" endtime="20220820 17:33:52.865"/>
</kw>
<kw name="Click Element" library="SeleniumLibrary">
<arg>${EDIT_INVENTORY}</arg>
<doc>Click the element identified by ``locator``.</doc>
<msg timestamp="20220820 17:33:52.866" level="INFO">Clicking element 'xpath=//a[contains(.,'Edit this inventory')]'.</msg>
<status status="PASS" starttime="20220820 17:33:52.865" endtime="20220820 17:33:52.929"/>
</kw>
<kw name="Wait Until Element Is Visible" library="SeleniumLibrary">
<arg>${BUTTON_UPDATE_INVENTORY}</arg>
<doc>Waits until the element ``locator`` is visible.</doc>
<status status="PASS" starttime="20220820 17:33:52.929" endtime="20220820 17:33:53.295"/>
</kw>
<kw name="Click Element" library="SeleniumLibrary">
<arg>${ITEM_EDITED}</arg>
<doc>Click the element identified by ``locator``.</doc>
<msg timestamp="20220820 17:33:53.295" level="INFO">Clicking element 'xpath=//option[contains(@value,'410')]'.</msg>
<status status="PASS" starttime="20220820 17:33:53.295" endtime="20220820 17:33:53.340"/>
</kw>
<kw name="Click Element" library="SeleniumLibrary">
<arg>${DESPOSIT_EDITED}</arg>
<doc>Click the element identified by ``locator``.</doc>
<msg timestamp="20220820 17:33:53.341" level="INFO">Clicking element 'xpath=//option[contains(@value,'530')]'.</msg>
<status status="PASS" starttime="20220820 17:33:53.340" endtime="20220820 17:33:53.387"/>
</kw>
<kw name="Input Text" library="SeleniumLibrary">
<arg>${CAMPO_ITEM_COUNT}</arg>
<arg>${ITEM_EDITED}</arg>
<doc>Types the given ``text`` into the text field identified by ``locator``.</doc>
<msg timestamp="20220820 17:33:53.388" level="INFO">Typing text 'xpath=//option[contains(@value,'410')]' into text field 'xpath=//input[contains(@name,'count]')]'.</msg>
<status status="PASS" starttime="20220820 17:33:53.388" endtime="20220820 17:33:53.563"/>
</kw>
<kw name="Wait Until Element Is Visible" library="SeleniumLibrary">
<arg>${BUTTON_UPDATE_INVENTORY}</arg>
<doc>Waits until the element ``locator`` is visible.</doc>
<status status="PASS" starttime="20220820 17:33:53.563" endtime="20220820 17:33:53.586"/>
</kw>
<kw name="Click Element" library="SeleniumLibrary">
<arg>${BUTTON_UPDATE_INVENTORY}</arg>
<doc>Click the element identified by ``locator``.</doc>
<msg timestamp="20220820 17:33:53.587" level="INFO">Clicking element 'xpath=//input[contains(@type,'submit')]'.</msg>
<status status="PASS" starttime="20220820 17:33:53.587" endtime="20220820 17:33:53.668"/>
</kw>
<status status="PASS" starttime="20220820 17:33:52.691" endtime="20220820 17:33:53.668"/>
</kw>
<status status="PASS" starttime="20220820 17:33:52.690" endtime="20220820 17:33:53.668"/>
</kw>
<kw name="Então validará a mensagem alterado com sucesso e retornará a página da listagem de iventory" library="inventory.pages">
<kw name="Validação da mensagem de atualização com sucesso" library="inventory.pages">
<kw name="Wait Until Element Is Visible" library="SeleniumLibrary">
<arg>${MSG_UPDATE}</arg>
<doc>Waits until the element ``locator`` is visible.</doc>
<status status="PASS" starttime="20220820 17:33:53.671" endtime="20220820 17:33:54.049"/>
</kw>
<kw name="Page Should Contain Element" library="SeleniumLibrary">
<arg>${MSG_UPDATE}</arg>
<doc>Verifies that element ``locator`` is found on the current page.</doc>
<msg timestamp="20220820 17:33:54.058" level="INFO">Current page contains element 'xpath=//p[contains(.,'Inventory was successfully updated.')]'.</msg>
<status status="PASS" starttime="20220820 17:33:54.050" endtime="20220820 17:33:54.058"/>
</kw>
<status status="PASS" starttime="20220820 17:33:53.670" endtime="20220820 17:33:54.058"/>
</kw>
<status status="PASS" starttime="20220820 17:33:53.669" endtime="20220820 17:33:54.058"/>
</kw>
<kw name="Finish Test" library="hooks.page.commons" type="TEARDOWN">
<kw name="Capture Page Screenshot" library="SeleniumLibrary">
<doc>Takes a screenshot of the current page and embeds it into a log file.</doc>
<msg timestamp="20220820 17:33:54.241" level="INFO" html="true">&lt;/td&gt;&lt;/tr&gt;&lt;tr&gt;&lt;td colspan="3"&gt;&lt;a href="selenium-screenshot-18.png"&gt;&lt;img src="selenium-screenshot-18.png" width="800px"&gt;&lt;/a&gt;</msg>
<status status="PASS" starttime="20220820 17:33:54.060" endtime="20220820 17:33:54.241"/>
</kw>
<kw name="Close Browser" library="SeleniumLibrary">
<doc>Closes the current browser.</doc>
<status status="PASS" starttime="20220820 17:33:54.241" endtime="20220820 17:33:56.696"/>
</kw>
<status status="PASS" starttime="20220820 17:33:54.059" endtime="20220820 17:33:56.696"/>
</kw>
<doc>Atualização do cadastro de um item e validar alteração</doc>
<tag>update_inventory</tag>
<status status="PASS" starttime="20220820 17:33:44.787" endtime="20220820 17:33:56.696"/>
</test>
<status status="PASS" starttime="20220820 17:33:20.503" endtime="20220820 17:33:56.709"/>
</suite>
<status status="PASS" starttime="20220820 17:31:50.190" endtime="20220820 17:33:56.714"/>
</suite>
<statistics>
<total>
<stat pass="9" fail="0" skip="0">All Tests</stat>
</total>
<tag>
<stat pass="1" fail="0" skip="0">exclusion_deposit</stat>
<stat pass="1" fail="0" skip="0">exclusion_inventory</stat>
<stat pass="1" fail="0" skip="0">exclusion_item</stat>
<stat pass="1" fail="0" skip="0">new_deposit</stat>
<stat pass="1" fail="0" skip="0">new_inventory</stat>
<stat pass="1" fail="0" skip="0">new_item</stat>
<stat pass="1" fail="0" skip="0">update_deposit</stat>
<stat pass="1" fail="0" skip="0">update_inventory</stat>
<stat pass="1" fail="0" skip="0">update_item</stat>
</tag>
<suite>
<stat pass="9" fail="0" skip="0" id="s1" name="Tests">Tests</stat>
<stat pass="3" fail="0" skip="0" id="s1-s1" name="001 DepositsBDD.test">Tests.001 DepositsBDD.test</stat>
<stat pass="3" fail="0" skip="0" id="s1-s2" name="002 ItemsBDD.tests">Tests.002 ItemsBDD.tests</stat>
<stat pass="3" fail="0" skip="0" id="s1-s3" name="003 InventoryBDD.tests">Tests.003 InventoryBDD.tests</stat>
</suite>
</statistics>
<errors>
</errors>
</robot>
